{"C:\\Users\\Zach\\Dropbox\\Project\\Teamwork\\CarRentals\\app\\routers\\admin.router\\controller.js":{"path":"C:\\Users\\Zach\\Dropbox\\Project\\Teamwork\\CarRentals\\app\\routers\\admin.router\\controller.js","s":{"1":7,"2":1,"3":1,"4":1,"5":1,"6":0,"7":0,"8":1,"9":1,"10":1,"11":1,"12":2,"13":2,"14":2,"15":1,"16":1,"17":1,"18":2,"19":2,"20":2,"21":2,"22":2,"23":2,"24":2,"25":1,"26":7,"27":1},"b":{},"f":{"1":7,"2":1,"3":1,"4":0,"5":1,"6":1,"7":2,"8":2},"fnMap":{"1":{"name":"(anonymous_1)","line":2,"loc":{"start":{"line":2,"column":15},"end":{"line":2,"column":22}}},"2":{"name":"(anonymous_2)","line":6,"loc":{"start":{"line":6,"column":19},"end":{"line":6,"column":30}}},"3":{"name":"(anonymous_3)","line":17,"loc":{"start":{"line":17,"column":15},"end":{"line":17,"column":26}}},"4":{"name":"(anonymous_4)","line":27,"loc":{"start":{"line":27,"column":16},"end":{"line":27,"column":27}}},"5":{"name":"(anonymous_5)","line":37,"loc":{"start":{"line":37,"column":16},"end":{"line":37,"column":27}}},"6":{"name":"(anonymous_6)","line":47,"loc":{"start":{"line":47,"column":23},"end":{"line":47,"column":34}}},"7":{"name":"(anonymous_7)","line":57,"loc":{"start":{"line":57,"column":21},"end":{"line":57,"column":32}}},"8":{"name":"(anonymous_8)","line":72,"loc":{"start":{"line":72,"column":25},"end":{"line":72,"column":40}}}},"statementMap":{"1":{"start":{"line":3,"column":8},"end":{"line":3,"column":25}},"2":{"start":{"line":7,"column":8},"end":{"line":14,"column":15}},"3":{"start":{"line":9,"column":16},"end":{"line":13,"column":19}},"4":{"start":{"line":18,"column":8},"end":{"line":24,"column":15}},"5":{"start":{"line":20,"column":16},"end":{"line":23,"column":19}},"6":{"start":{"line":28,"column":8},"end":{"line":34,"column":15}},"7":{"start":{"line":30,"column":16},"end":{"line":33,"column":19}},"8":{"start":{"line":38,"column":8},"end":{"line":44,"column":15}},"9":{"start":{"line":40,"column":16},"end":{"line":43,"column":19}},"10":{"start":{"line":48,"column":8},"end":{"line":54,"column":15}},"11":{"start":{"line":50,"column":16},"end":{"line":53,"column":19}},"12":{"start":{"line":58,"column":8},"end":{"line":58,"column":34}},"13":{"start":{"line":59,"column":8},"end":{"line":69,"column":15}},"14":{"start":{"line":61,"column":16},"end":{"line":61,"column":56}},"15":{"start":{"line":64,"column":16},"end":{"line":64,"column":67}},"16":{"start":{"line":67,"column":16},"end":{"line":67,"column":46}},"17":{"start":{"line":68,"column":16},"end":{"line":68,"column":67}},"18":{"start":{"line":73,"column":8},"end":{"line":82,"column":15}},"19":{"start":{"line":75,"column":16},"end":{"line":75,"column":38}},"20":{"start":{"line":76,"column":16},"end":{"line":76,"column":48}},"21":{"start":{"line":77,"column":16},"end":{"line":77,"column":40}},"22":{"start":{"line":78,"column":16},"end":{"line":78,"column":48}},"23":{"start":{"line":79,"column":16},"end":{"line":79,"column":48}},"24":{"start":{"line":81,"column":16},"end":{"line":81,"column":45}},"25":{"start":{"line":86,"column":0},"end":{"line":88,"column":2}},"26":{"start":{"line":87,"column":4},"end":{"line":87,"column":37}},"27":{"start":{"line":90,"column":0},"end":{"line":90,"column":26}}},"branchMap":{}},"C:\\Users\\Zach\\Dropbox\\Project\\Teamwork\\CarRentals\\app\\routers\\api.router\\controller.js":{"path":"C:\\Users\\Zach\\Dropbox\\Project\\Teamwork\\CarRentals\\app\\routers\\api.router\\controller.js","s":{"1":1,"2":1,"3":8,"4":8,"5":1,"6":1,"7":1,"8":1,"9":1,"10":1,"11":1,"12":1,"13":1,"14":1,"15":1,"16":1,"17":1,"18":1,"19":1,"20":1,"21":1,"22":1,"23":1,"24":1,"25":1,"26":0,"27":1,"28":1,"29":1,"30":1,"31":1,"32":1,"33":1,"34":0,"35":1,"36":0,"37":1,"38":1,"39":1,"40":0,"41":1,"42":8,"43":1},"b":{"1":[0,1],"2":[0,1],"3":[0,1],"4":[1,0]},"f":{"1":8,"2":1,"3":1,"4":1,"5":1,"6":1,"7":1,"8":1,"9":1},"fnMap":{"1":{"name":"(anonymous_1)","line":5,"loc":{"start":{"line":5,"column":15},"end":{"line":5,"column":22}}},"2":{"name":"(anonymous_2)","line":10,"loc":{"start":{"line":10,"column":21},"end":{"line":10,"column":32}}},"3":{"name":"(anonymous_3)","line":19,"loc":{"start":{"line":19,"column":17},"end":{"line":19,"column":28}}},"4":{"name":"(anonymous_4)","line":28,"loc":{"start":{"line":28,"column":14},"end":{"line":28,"column":25}}},"5":{"name":"(anonymous_5)","line":45,"loc":{"start":{"line":45,"column":12},"end":{"line":45,"column":23}}},"6":{"name":"(anonymous_6)","line":54,"loc":{"start":{"line":54,"column":11},"end":{"line":54,"column":22}}},"7":{"name":"(anonymous_7)","line":63,"loc":{"start":{"line":63,"column":18},"end":{"line":63,"column":29}}},"8":{"name":"(anonymous_8)","line":73,"loc":{"start":{"line":73,"column":19},"end":{"line":73,"column":30}}},"9":{"name":"(anonymous_9)","line":91,"loc":{"start":{"line":91,"column":16},"end":{"line":91,"column":33}}}},"statementMap":{"1":{"start":{"line":1,"column":0},"end":{"line":1,"column":36}},"2":{"start":{"line":2,"column":0},"end":{"line":2,"column":33}},"3":{"start":{"line":6,"column":8},"end":{"line":6,"column":25}},"4":{"start":{"line":7,"column":8},"end":{"line":7,"column":63}},"5":{"start":{"line":11,"column":8},"end":{"line":16,"column":15}},"6":{"start":{"line":13,"column":16},"end":{"line":15,"column":19}},"7":{"start":{"line":20,"column":8},"end":{"line":25,"column":15}},"8":{"start":{"line":22,"column":16},"end":{"line":24,"column":19}},"9":{"start":{"line":29,"column":8},"end":{"line":29,"column":54}},"10":{"start":{"line":30,"column":8},"end":{"line":30,"column":53}},"11":{"start":{"line":32,"column":8},"end":{"line":42,"column":15}},"12":{"start":{"line":34,"column":16},"end":{"line":36,"column":19}},"13":{"start":{"line":35,"column":20},"end":{"line":35,"column":78}},"14":{"start":{"line":39,"column":16},"end":{"line":41,"column":19}},"15":{"start":{"line":46,"column":8},"end":{"line":51,"column":15}},"16":{"start":{"line":48,"column":16},"end":{"line":50,"column":19}},"17":{"start":{"line":55,"column":8},"end":{"line":60,"column":15}},"18":{"start":{"line":57,"column":16},"end":{"line":59,"column":19}},"19":{"start":{"line":64,"column":8},"end":{"line":64,"column":45}},"20":{"start":{"line":65,"column":8},"end":{"line":70,"column":15}},"21":{"start":{"line":67,"column":16},"end":{"line":69,"column":19}},"22":{"start":{"line":74,"column":8},"end":{"line":88,"column":15}},"23":{"start":{"line":76,"column":16},"end":{"line":76,"column":39}},"24":{"start":{"line":77,"column":16},"end":{"line":81,"column":19}},"25":{"start":{"line":78,"column":20},"end":{"line":80,"column":21}},"26":{"start":{"line":79,"column":24},"end":{"line":79,"column":59}},"27":{"start":{"line":82,"column":16},"end":{"line":82,"column":35}},"28":{"start":{"line":85,"column":16},"end":{"line":87,"column":19}},"29":{"start":{"line":92,"column":8},"end":{"line":92,"column":45}},"30":{"start":{"line":93,"column":8},"end":{"line":93,"column":45}},"31":{"start":{"line":94,"column":8},"end":{"line":94,"column":23}},"32":{"start":{"line":96,"column":8},"end":{"line":120,"column":15}},"33":{"start":{"line":98,"column":16},"end":{"line":100,"column":17}},"34":{"start":{"line":99,"column":20},"end":{"line":99,"column":107}},"35":{"start":{"line":102,"column":16},"end":{"line":104,"column":17}},"36":{"start":{"line":103,"column":20},"end":{"line":103,"column":135}},"37":{"start":{"line":106,"column":16},"end":{"line":117,"column":17}},"38":{"start":{"line":107,"column":20},"end":{"line":110,"column":23}},"39":{"start":{"line":112,"column":20},"end":{"line":116,"column":23}},"40":{"start":{"line":119,"column":16},"end":{"line":119,"column":103}},"41":{"start":{"line":124,"column":0},"end":{"line":126,"column":2}},"42":{"start":{"line":125,"column":4},"end":{"line":125,"column":35}},"43":{"start":{"line":128,"column":0},"end":{"line":128,"column":26}}},"branchMap":{"1":{"line":78,"type":"if","locations":[{"start":{"line":78,"column":20},"end":{"line":78,"column":20}},{"start":{"line":78,"column":20},"end":{"line":78,"column":20}}]},"2":{"line":98,"type":"if","locations":[{"start":{"line":98,"column":16},"end":{"line":98,"column":16}},{"start":{"line":98,"column":16},"end":{"line":98,"column":16}}]},"3":{"line":102,"type":"if","locations":[{"start":{"line":102,"column":16},"end":{"line":102,"column":16}},{"start":{"line":102,"column":16},"end":{"line":102,"column":16}}]},"4":{"line":106,"type":"if","locations":[{"start":{"line":106,"column":16},"end":{"line":106,"column":16}},{"start":{"line":106,"column":16},"end":{"line":106,"column":16}}]}}},"C:\\Users\\Zach\\Dropbox\\Project\\Teamwork\\CarRentals\\app\\routers\\bookings.router\\controller.js":{"path":"C:\\Users\\Zach\\Dropbox\\Project\\Teamwork\\CarRentals\\app\\routers\\bookings.router\\controller.js","s":{"1":1,"2":1,"3":1,"4":18,"5":1,"6":1,"7":1,"8":3,"9":3,"10":3,"11":3,"12":3,"13":1,"14":0,"15":1,"16":1,"17":2,"18":2,"19":1,"20":1,"21":1,"22":1,"23":1,"24":1,"25":4,"26":4,"27":4,"28":4,"29":4,"30":2,"31":2,"32":2,"33":0,"34":2,"35":2,"36":0,"37":2,"38":2,"39":2,"40":2,"41":2,"42":2,"43":4,"44":4,"45":4,"46":4,"47":4,"48":4,"49":4,"50":2,"51":2,"52":2,"53":2,"54":2,"55":0,"56":2,"57":2,"58":2,"59":2,"60":2,"61":2,"62":2,"63":8,"64":8,"65":8,"66":8,"67":8,"68":1,"69":7,"70":1,"71":6,"72":1,"73":5,"74":1,"75":4,"76":3,"77":1,"78":1,"79":1,"80":1,"81":0,"82":1,"83":1,"84":1,"85":1,"86":1,"87":0,"88":2,"89":2,"90":2,"91":1,"92":18,"93":1},"b":{"1":[0,3],"2":[0,1],"3":[2,0],"4":[2,0],"5":[1,7],"6":[8,7],"7":[1,6],"8":[7,6],"9":[1,5],"10":[1,4],"11":[3,1],"12":[1,0],"13":[1,0]},"f":{"1":18,"2":1,"3":3,"4":1,"5":4,"6":4,"7":8,"8":2},"fnMap":{"1":{"name":"(anonymous_1)","line":6,"loc":{"start":{"line":6,"column":15},"end":{"line":6,"column":22}}},"2":{"name":"(anonymous_2)","line":10,"loc":{"start":{"line":10,"column":21},"end":{"line":10,"column":32}}},"3":{"name":"(anonymous_3)","line":21,"loc":{"start":{"line":21,"column":14},"end":{"line":21,"column":25}}},"4":{"name":"(anonymous_4)","line":46,"loc":{"start":{"line":46,"column":22},"end":{"line":46,"column":33}}},"5":{"name":"(anonymous_5)","line":65,"loc":{"start":{"line":65,"column":14},"end":{"line":65,"column":25}}},"6":{"name":"(anonymous_6)","line":114,"loc":{"start":{"line":114,"column":15},"end":{"line":114,"column":26}}},"7":{"name":"(anonymous_7)","line":168,"loc":{"start":{"line":168,"column":22},"end":{"line":168,"column":62}}},"8":{"name":"(anonymous_8)","line":213,"loc":{"start":{"line":213,"column":20},"end":{"line":213,"column":34}}}},"statementMap":{"1":{"start":{"line":1,"column":0},"end":{"line":1,"column":40}},"2":{"start":{"line":2,"column":0},"end":{"line":2,"column":56}},"3":{"start":{"line":3,"column":0},"end":{"line":3,"column":58}},"4":{"start":{"line":7,"column":8},"end":{"line":7,"column":25}},"5":{"start":{"line":11,"column":8},"end":{"line":11,"column":36}},"6":{"start":{"line":12,"column":8},"end":{"line":18,"column":15}},"7":{"start":{"line":14,"column":16},"end":{"line":17,"column":19}},"8":{"start":{"line":22,"column":8},"end":{"line":22,"column":31}},"9":{"start":{"line":23,"column":8},"end":{"line":23,"column":54}},"10":{"start":{"line":24,"column":8},"end":{"line":24,"column":53}},"11":{"start":{"line":25,"column":8},"end":{"line":25,"column":74}},"12":{"start":{"line":28,"column":8},"end":{"line":43,"column":15}},"13":{"start":{"line":30,"column":16},"end":{"line":32,"column":17}},"14":{"start":{"line":31,"column":20},"end":{"line":31,"column":59}},"15":{"start":{"line":33,"column":16},"end":{"line":33,"column":87}},"16":{"start":{"line":34,"column":16},"end":{"line":38,"column":19}},"17":{"start":{"line":41,"column":16},"end":{"line":41,"column":97}},"18":{"start":{"line":42,"column":16},"end":{"line":42,"column":53}},"19":{"start":{"line":47,"column":8},"end":{"line":47,"column":40}},"20":{"start":{"line":48,"column":8},"end":{"line":49,"column":45}},"21":{"start":{"line":49,"column":25},"end":{"line":49,"column":43}},"22":{"start":{"line":50,"column":8},"end":{"line":50,"column":45}},"23":{"start":{"line":52,"column":8},"end":{"line":62,"column":15}},"24":{"start":{"line":54,"column":16},"end":{"line":61,"column":19}},"25":{"start":{"line":66,"column":8},"end":{"line":66,"column":36}},"26":{"start":{"line":67,"column":8},"end":{"line":67,"column":36}},"27":{"start":{"line":68,"column":8},"end":{"line":68,"column":40}},"28":{"start":{"line":69,"column":8},"end":{"line":69,"column":30}},"29":{"start":{"line":71,"column":8},"end":{"line":111,"column":15}},"30":{"start":{"line":73,"column":16},"end":{"line":85,"column":17}},"31":{"start":{"line":78,"column":20},"end":{"line":83,"column":22}},"32":{"start":{"line":84,"column":20},"end":{"line":84,"column":48}},"33":{"start":{"line":86,"column":16},"end":{"line":86,"column":72}},"34":{"start":{"line":89,"column":16},"end":{"line":95,"column":23}},"35":{"start":{"line":91,"column":24},"end":{"line":91,"column":52}},"36":{"start":{"line":94,"column":24},"end":{"line":94,"column":51}},"37":{"start":{"line":98,"column":16},"end":{"line":98,"column":74}},"38":{"start":{"line":101,"column":16},"end":{"line":101,"column":63}},"39":{"start":{"line":104,"column":16},"end":{"line":104,"column":84}},"40":{"start":{"line":105,"column":16},"end":{"line":105,"column":66}},"41":{"start":{"line":108,"column":16},"end":{"line":108,"column":46}},"42":{"start":{"line":109,"column":16},"end":{"line":110,"column":61}},"43":{"start":{"line":115,"column":8},"end":{"line":115,"column":40}},"44":{"start":{"line":116,"column":8},"end":{"line":116,"column":36}},"45":{"start":{"line":117,"column":8},"end":{"line":117,"column":40}},"46":{"start":{"line":118,"column":8},"end":{"line":118,"column":30}},"47":{"start":{"line":120,"column":8},"end":{"line":121,"column":45}},"48":{"start":{"line":121,"column":25},"end":{"line":121,"column":43}},"49":{"start":{"line":123,"column":8},"end":{"line":164,"column":15}},"50":{"start":{"line":125,"column":16},"end":{"line":125,"column":67}},"51":{"start":{"line":126,"column":16},"end":{"line":144,"column":17}},"52":{"start":{"line":133,"column":20},"end":{"line":138,"column":22}},"53":{"start":{"line":140,"column":20},"end":{"line":143,"column":27}},"54":{"start":{"line":142,"column":28},"end":{"line":142,"column":39}},"55":{"start":{"line":145,"column":16},"end":{"line":145,"column":72}},"56":{"start":{"line":148,"column":16},"end":{"line":148,"column":74}},"57":{"start":{"line":151,"column":16},"end":{"line":151,"column":77}},"58":{"start":{"line":154,"column":16},"end":{"line":154,"column":63}},"59":{"start":{"line":157,"column":16},"end":{"line":157,"column":87}},"60":{"start":{"line":158,"column":16},"end":{"line":158,"column":66}},"61":{"start":{"line":161,"column":16},"end":{"line":161,"column":46}},"62":{"start":{"line":162,"column":16},"end":{"line":163,"column":61}},"63":{"start":{"line":169,"column":8},"end":{"line":169,"column":60}},"64":{"start":{"line":170,"column":8},"end":{"line":170,"column":42}},"65":{"start":{"line":171,"column":8},"end":{"line":171,"column":38}},"66":{"start":{"line":173,"column":8},"end":{"line":173,"column":25}},"67":{"start":{"line":175,"column":8},"end":{"line":177,"column":9}},"68":{"start":{"line":176,"column":12},"end":{"line":176,"column":67}},"69":{"start":{"line":178,"column":8},"end":{"line":180,"column":9}},"70":{"start":{"line":179,"column":12},"end":{"line":179,"column":75}},"71":{"start":{"line":181,"column":8},"end":{"line":183,"column":9}},"72":{"start":{"line":182,"column":12},"end":{"line":182,"column":66}},"73":{"start":{"line":184,"column":8},"end":{"line":186,"column":9}},"74":{"start":{"line":185,"column":12},"end":{"line":185,"column":75}},"75":{"start":{"line":188,"column":8},"end":{"line":199,"column":9}},"76":{"start":{"line":189,"column":12},"end":{"line":198,"column":19}},"77":{"start":{"line":191,"column":20},"end":{"line":196,"column":21}},"78":{"start":{"line":192,"column":24},"end":{"line":194,"column":27}},"79":{"start":{"line":193,"column":28},"end":{"line":193,"column":89}},"80":{"start":{"line":195,"column":24},"end":{"line":195,"column":61}},"81":{"start":{"line":197,"column":20},"end":{"line":197,"column":45}},"82":{"start":{"line":201,"column":8},"end":{"line":210,"column":15}},"83":{"start":{"line":203,"column":16},"end":{"line":208,"column":17}},"84":{"start":{"line":204,"column":20},"end":{"line":206,"column":23}},"85":{"start":{"line":205,"column":24},"end":{"line":205,"column":85}},"86":{"start":{"line":207,"column":20},"end":{"line":207,"column":57}},"87":{"start":{"line":209,"column":16},"end":{"line":209,"column":41}},"88":{"start":{"line":214,"column":8},"end":{"line":226,"column":15}},"89":{"start":{"line":216,"column":16},"end":{"line":224,"column":18}},"90":{"start":{"line":225,"column":16},"end":{"line":225,"column":33}},"91":{"start":{"line":230,"column":0},"end":{"line":232,"column":2}},"92":{"start":{"line":231,"column":4},"end":{"line":231,"column":40}},"93":{"start":{"line":234,"column":0},"end":{"line":234,"column":26}}},"branchMap":{"1":{"line":25,"type":"cond-expr","locations":[{"start":{"line":25,"column":47},"end":{"line":25,"column":52}},{"start":{"line":25,"column":55},"end":{"line":25,"column":73}}]},"2":{"line":30,"type":"if","locations":[{"start":{"line":30,"column":16},"end":{"line":30,"column":16}},{"start":{"line":30,"column":16},"end":{"line":30,"column":16}}]},"3":{"line":73,"type":"if","locations":[{"start":{"line":73,"column":16},"end":{"line":73,"column":16}},{"start":{"line":73,"column":16},"end":{"line":73,"column":16}}]},"4":{"line":126,"type":"if","locations":[{"start":{"line":126,"column":16},"end":{"line":126,"column":16}},{"start":{"line":126,"column":16},"end":{"line":126,"column":16}}]},"5":{"line":175,"type":"if","locations":[{"start":{"line":175,"column":8},"end":{"line":175,"column":8}},{"start":{"line":175,"column":8},"end":{"line":175,"column":8}}]},"6":{"line":175,"type":"binary-expr","locations":[{"start":{"line":175,"column":12},"end":{"line":175,"column":24}},{"start":{"line":175,"column":28},"end":{"line":175,"column":38}}]},"7":{"line":178,"type":"if","locations":[{"start":{"line":178,"column":8},"end":{"line":178,"column":8}},{"start":{"line":178,"column":8},"end":{"line":178,"column":8}}]},"8":{"line":178,"type":"binary-expr","locations":[{"start":{"line":178,"column":12},"end":{"line":178,"column":21}},{"start":{"line":178,"column":25},"end":{"line":178,"column":36}}]},"9":{"line":181,"type":"if","locations":[{"start":{"line":181,"column":8},"end":{"line":181,"column":8}},{"start":{"line":181,"column":8},"end":{"line":181,"column":8}}]},"10":{"line":184,"type":"if","locations":[{"start":{"line":184,"column":8},"end":{"line":184,"column":8}},{"start":{"line":184,"column":8},"end":{"line":184,"column":8}}]},"11":{"line":188,"type":"if","locations":[{"start":{"line":188,"column":8},"end":{"line":188,"column":8}},{"start":{"line":188,"column":8},"end":{"line":188,"column":8}}]},"12":{"line":191,"type":"if","locations":[{"start":{"line":191,"column":20},"end":{"line":191,"column":20}},{"start":{"line":191,"column":20},"end":{"line":191,"column":20}}]},"13":{"line":203,"type":"if","locations":[{"start":{"line":203,"column":16},"end":{"line":203,"column":16}},{"start":{"line":203,"column":16},"end":{"line":203,"column":16}}]}}},"C:\\Users\\Zach\\Dropbox\\Project\\Teamwork\\CarRentals\\app\\routers\\utils\\carHelpers.js":{"path":"C:\\Users\\Zach\\Dropbox\\Project\\Teamwork\\CarRentals\\app\\routers\\utils\\carHelpers.js","s":{"1":4,"2":4,"3":4,"4":4,"5":4,"6":2,"7":2,"8":2,"9":2,"10":4,"11":4,"12":0,"13":4,"14":0,"15":4,"16":4,"17":4,"18":4,"19":4,"20":4,"21":4,"22":4,"23":4,"24":4,"25":4,"26":0,"27":4,"28":2,"29":2,"30":2,"31":2,"32":2,"33":2,"34":0,"35":0,"36":0,"37":0,"38":0,"39":0,"40":0,"41":0,"42":0,"43":2,"44":1,"45":9,"46":1},"b":{"1":[0,4],"2":[4,4,4,4],"3":[0,4],"4":[4,4],"5":[4,0,4,4],"6":[2,2],"7":[2,2],"8":[4,0],"9":[0,4],"10":[0,2],"11":[0,0],"12":[0,0],"13":[0,0]},"f":{"1":4,"2":2,"3":4,"4":4,"5":2},"fnMap":{"1":{"name":"(anonymous_1)","line":2,"loc":{"start":{"line":2,"column":23},"end":{"line":2,"column":52}}},"2":{"name":"(anonymous_2)","line":16,"loc":{"start":{"line":16,"column":28},"end":{"line":16,"column":45}}},"3":{"name":"(anonymous_3)","line":29,"loc":{"start":{"line":29,"column":25},"end":{"line":29,"column":42}}},"4":{"name":"(anonymous_4)","line":43,"loc":{"start":{"line":43,"column":22},"end":{"line":43,"column":40}}},"5":{"name":"(anonymous_5)","line":70,"loc":{"start":{"line":70,"column":19},"end":{"line":70,"column":51}}}},"statementMap":{"1":{"start":{"line":3,"column":8},"end":{"line":3,"column":42}},"2":{"start":{"line":4,"column":8},"end":{"line":4,"column":38}},"3":{"start":{"line":6,"column":8},"end":{"line":10,"column":10}},"4":{"start":{"line":12,"column":8},"end":{"line":12,"column":32}},"5":{"start":{"line":13,"column":8},"end":{"line":13,"column":19}},"6":{"start":{"line":17,"column":8},"end":{"line":19,"column":47}},"7":{"start":{"line":19,"column":25},"end":{"line":19,"column":44}},"8":{"start":{"line":21,"column":8},"end":{"line":22,"column":30}},"9":{"start":{"line":23,"column":8},"end":{"line":23,"column":19}},"10":{"start":{"line":30,"column":8},"end":{"line":30,"column":41}},"11":{"start":{"line":31,"column":8},"end":{"line":33,"column":9}},"12":{"start":{"line":32,"column":12},"end":{"line":32,"column":79}},"13":{"start":{"line":35,"column":8},"end":{"line":37,"column":9}},"14":{"start":{"line":36,"column":12},"end":{"line":36,"column":82}},"15":{"start":{"line":39,"column":8},"end":{"line":39,"column":64}},"16":{"start":{"line":44,"column":8},"end":{"line":44,"column":34}},"17":{"start":{"line":46,"column":8},"end":{"line":46,"column":74}},"18":{"start":{"line":47,"column":8},"end":{"line":47,"column":66}},"19":{"start":{"line":49,"column":8},"end":{"line":65,"column":9}},"20":{"start":{"line":50,"column":12},"end":{"line":50,"column":38}},"21":{"start":{"line":51,"column":12},"end":{"line":64,"column":13}},"22":{"start":{"line":52,"column":16},"end":{"line":52,"column":40}},"23":{"start":{"line":53,"column":16},"end":{"line":53,"column":63}},"24":{"start":{"line":54,"column":16},"end":{"line":54,"column":59}},"25":{"start":{"line":56,"column":16},"end":{"line":63,"column":17}},"26":{"start":{"line":62,"column":20},"end":{"line":62,"column":33}},"27":{"start":{"line":66,"column":8},"end":{"line":66,"column":20}},"28":{"start":{"line":71,"column":8},"end":{"line":71,"column":34}},"29":{"start":{"line":73,"column":8},"end":{"line":73,"column":42}},"30":{"start":{"line":74,"column":8},"end":{"line":74,"column":38}},"31":{"start":{"line":75,"column":8},"end":{"line":75,"column":42}},"32":{"start":{"line":76,"column":8},"end":{"line":76,"column":38}},"33":{"start":{"line":78,"column":8},"end":{"line":99,"column":9}},"34":{"start":{"line":79,"column":12},"end":{"line":79,"column":38}},"35":{"start":{"line":80,"column":12},"end":{"line":98,"column":13}},"36":{"start":{"line":81,"column":16},"end":{"line":81,"column":40}},"37":{"start":{"line":82,"column":16},"end":{"line":82,"column":63}},"38":{"start":{"line":83,"column":16},"end":{"line":83,"column":59}},"39":{"start":{"line":85,"column":16},"end":{"line":88,"column":17}},"40":{"start":{"line":87,"column":20},"end":{"line":87,"column":29}},"41":{"start":{"line":90,"column":16},"end":{"line":97,"column":17}},"42":{"start":{"line":96,"column":20},"end":{"line":96,"column":33}},"43":{"start":{"line":100,"column":8},"end":{"line":100,"column":20}},"44":{"start":{"line":104,"column":0},"end":{"line":106,"column":2}},"45":{"start":{"line":105,"column":4},"end":{"line":105,"column":27}},"46":{"start":{"line":108,"column":0},"end":{"line":108,"column":26}}},"branchMap":{"1":{"line":31,"type":"if","locations":[{"start":{"line":31,"column":8},"end":{"line":31,"column":8}},{"start":{"line":31,"column":8},"end":{"line":31,"column":8}}]},"2":{"line":31,"type":"binary-expr","locations":[{"start":{"line":31,"column":12},"end":{"line":31,"column":20}},{"start":{"line":31,"column":24},"end":{"line":31,"column":32}},{"start":{"line":31,"column":36},"end":{"line":31,"column":45}},{"start":{"line":31,"column":49},"end":{"line":31,"column":58}}]},"3":{"line":35,"type":"if","locations":[{"start":{"line":35,"column":8},"end":{"line":35,"column":8}},{"start":{"line":35,"column":8},"end":{"line":35,"column":8}}]},"4":{"line":35,"type":"binary-expr","locations":[{"start":{"line":35,"column":12},"end":{"line":35,"column":20}},{"start":{"line":35,"column":24},"end":{"line":35,"column":32}}]},"5":{"line":39,"type":"binary-expr","locations":[{"start":{"line":39,"column":16},"end":{"line":39,"column":24}},{"start":{"line":39,"column":28},"end":{"line":39,"column":36}},{"start":{"line":39,"column":42},"end":{"line":39,"column":50}},{"start":{"line":39,"column":54},"end":{"line":39,"column":62}}]},"6":{"line":46,"type":"cond-expr","locations":[{"start":{"line":46,"column":50},"end":{"line":46,"column":55}},{"start":{"line":46,"column":58},"end":{"line":46,"column":73}}]},"7":{"line":47,"type":"cond-expr","locations":[{"start":{"line":47,"column":46},"end":{"line":47,"column":49}},{"start":{"line":47,"column":52},"end":{"line":47,"column":65}}]},"8":{"line":49,"type":"if","locations":[{"start":{"line":49,"column":8},"end":{"line":49,"column":8}},{"start":{"line":49,"column":8},"end":{"line":49,"column":8}}]},"9":{"line":56,"type":"if","locations":[{"start":{"line":56,"column":16},"end":{"line":56,"column":16}},{"start":{"line":56,"column":16},"end":{"line":56,"column":16}}]},"10":{"line":78,"type":"if","locations":[{"start":{"line":78,"column":8},"end":{"line":78,"column":8}},{"start":{"line":78,"column":8},"end":{"line":78,"column":8}}]},"11":{"line":85,"type":"if","locations":[{"start":{"line":85,"column":16},"end":{"line":85,"column":16}},{"start":{"line":85,"column":16},"end":{"line":85,"column":16}}]},"12":{"line":85,"type":"binary-expr","locations":[{"start":{"line":85,"column":20},"end":{"line":85,"column":65}},{"start":{"line":86,"column":20},"end":{"line":86,"column":61}}]},"13":{"line":90,"type":"if","locations":[{"start":{"line":90,"column":16},"end":{"line":90,"column":16}},{"start":{"line":90,"column":16},"end":{"line":90,"column":16}}]}}},"C:\\Users\\Zach\\Dropbox\\Project\\Teamwork\\CarRentals\\app\\routers\\utils\\userHelpers.js":{"path":"C:\\Users\\Zach\\Dropbox\\Project\\Teamwork\\CarRentals\\app\\routers\\utils\\userHelpers.js","s":{"1":2,"2":2,"3":2,"4":2,"5":2,"6":4,"7":0,"8":4,"9":4,"10":4,"11":4,"12":4,"13":4,"14":4,"15":0,"16":4,"17":4,"18":4,"19":4,"20":1,"21":1,"22":1},"b":{"1":[2,0],"2":[0,4],"3":[4,0],"4":[0,4]},"f":{"1":2,"2":4},"fnMap":{"1":{"name":"(anonymous_1)","line":2,"loc":{"start":{"line":2,"column":25},"end":{"line":2,"column":43}}},"2":{"name":"(anonymous_2)","line":14,"loc":{"start":{"line":14,"column":20},"end":{"line":14,"column":44}}}},"statementMap":{"1":{"start":{"line":3,"column":8},"end":{"line":5,"column":50}},"2":{"start":{"line":5,"column":29},"end":{"line":5,"column":47}},"3":{"start":{"line":7,"column":8},"end":{"line":9,"column":9}},"4":{"start":{"line":8,"column":12},"end":{"line":8,"column":57}},"5":{"start":{"line":11,"column":8},"end":{"line":11,"column":37}},"6":{"start":{"line":15,"column":8},"end":{"line":17,"column":9}},"7":{"start":{"line":16,"column":12},"end":{"line":16,"column":56}},"8":{"start":{"line":19,"column":8},"end":{"line":19,"column":57}},"9":{"start":{"line":20,"column":8},"end":{"line":20,"column":53}},"10":{"start":{"line":22,"column":8},"end":{"line":25,"column":35}},"11":{"start":{"line":27,"column":8},"end":{"line":27,"column":46}},"12":{"start":{"line":29,"column":8},"end":{"line":31,"column":9}},"13":{"start":{"line":30,"column":12},"end":{"line":30,"column":49}},"14":{"start":{"line":33,"column":8},"end":{"line":35,"column":9}},"15":{"start":{"line":34,"column":12},"end":{"line":34,"column":58}},"16":{"start":{"line":37,"column":8},"end":{"line":46,"column":10}},"17":{"start":{"line":48,"column":8},"end":{"line":48,"column":36}},"18":{"start":{"line":50,"column":8},"end":{"line":50,"column":33}},"19":{"start":{"line":52,"column":8},"end":{"line":52,"column":44}},"20":{"start":{"line":56,"column":0},"end":{"line":58,"column":2}},"21":{"start":{"line":57,"column":4},"end":{"line":57,"column":28}},"22":{"start":{"line":60,"column":0},"end":{"line":60,"column":26}}},"branchMap":{"1":{"line":7,"type":"if","locations":[{"start":{"line":7,"column":8},"end":{"line":7,"column":8}},{"start":{"line":7,"column":8},"end":{"line":7,"column":8}}]},"2":{"line":15,"type":"if","locations":[{"start":{"line":15,"column":8},"end":{"line":15,"column":8}},{"start":{"line":15,"column":8},"end":{"line":15,"column":8}}]},"3":{"line":29,"type":"if","locations":[{"start":{"line":29,"column":8},"end":{"line":29,"column":8}},{"start":{"line":29,"column":8},"end":{"line":29,"column":8}}]},"4":{"line":33,"type":"if","locations":[{"start":{"line":33,"column":8},"end":{"line":33,"column":8}},{"start":{"line":33,"column":8},"end":{"line":33,"column":8}}]}}},"C:\\Users\\Zach\\Dropbox\\Project\\Teamwork\\CarRentals\\app\\routers\\comments.router\\controller.js":{"path":"C:\\Users\\Zach\\Dropbox\\Project\\Teamwork\\CarRentals\\app\\routers\\comments.router\\controller.js","s":{"1":3,"2":2,"3":2,"4":2,"5":2,"6":1,"7":1,"8":1,"9":1,"10":1,"11":3,"12":1},"b":{},"f":{"1":3,"2":2},"fnMap":{"1":{"name":"(anonymous_1)","line":2,"loc":{"start":{"line":2,"column":15},"end":{"line":2,"column":22}}},"2":{"name":"(anonymous_2)","line":6,"loc":{"start":{"line":6,"column":14},"end":{"line":6,"column":25}}}},"statementMap":{"1":{"start":{"line":3,"column":8},"end":{"line":3,"column":25}},"2":{"start":{"line":7,"column":8},"end":{"line":7,"column":33}},"3":{"start":{"line":8,"column":8},"end":{"line":8,"column":36}},"4":{"start":{"line":9,"column":8},"end":{"line":9,"column":30}},"5":{"start":{"line":10,"column":8},"end":{"line":18,"column":15}},"6":{"start":{"line":12,"column":16},"end":{"line":12,"column":78}},"7":{"start":{"line":13,"column":16},"end":{"line":13,"column":65}},"8":{"start":{"line":16,"column":16},"end":{"line":16,"column":46}},"9":{"start":{"line":17,"column":16},"end":{"line":17,"column":65}},"10":{"start":{"line":22,"column":0},"end":{"line":24,"column":2}},"11":{"start":{"line":23,"column":4},"end":{"line":23,"column":39}},"12":{"start":{"line":26,"column":0},"end":{"line":26,"column":26}}},"branchMap":{}},"C:\\Users\\Zach\\Dropbox\\Project\\Teamwork\\CarRentals\\app\\routers\\review.router\\controller.js":{"path":"C:\\Users\\Zach\\Dropbox\\Project\\Teamwork\\CarRentals\\app\\routers\\review.router\\controller.js","s":{"1":4,"2":0,"3":3,"4":3,"5":3,"6":2,"7":2,"8":1,"9":1,"10":1,"11":4,"12":1},"b":{},"f":{"1":4,"2":0,"3":3},"fnMap":{"1":{"name":"(anonymous_1)","line":2,"loc":{"start":{"line":2,"column":15},"end":{"line":2,"column":22}}},"2":{"name":"(anonymous_2)","line":6,"loc":{"start":{"line":6,"column":17},"end":{"line":6,"column":28}}},"3":{"name":"(anonymous_3)","line":10,"loc":{"start":{"line":10,"column":13},"end":{"line":10,"column":24}}}},"statementMap":{"1":{"start":{"line":3,"column":8},"end":{"line":3,"column":25}},"2":{"start":{"line":7,"column":8},"end":{"line":7,"column":55}},"3":{"start":{"line":11,"column":8},"end":{"line":11,"column":32}},"4":{"start":{"line":12,"column":8},"end":{"line":12,"column":30}},"5":{"start":{"line":13,"column":8},"end":{"line":21,"column":15}},"6":{"start":{"line":15,"column":16},"end":{"line":15,"column":78}},"7":{"start":{"line":16,"column":16},"end":{"line":16,"column":53}},"8":{"start":{"line":19,"column":16},"end":{"line":19,"column":46}},"9":{"start":{"line":20,"column":16},"end":{"line":20,"column":64}},"10":{"start":{"line":25,"column":0},"end":{"line":27,"column":2}},"11":{"start":{"line":26,"column":4},"end":{"line":26,"column":38}},"12":{"start":{"line":29,"column":0},"end":{"line":29,"column":26}}},"branchMap":{}},"C:\\Users\\Zach\\Dropbox\\Project\\Teamwork\\CarRentals\\data\\base\\base.data.js":{"path":"C:\\Users\\Zach\\Dropbox\\Project\\Teamwork\\CarRentals\\data\\base\\base.data.js","s":{"1":1,"2":17,"3":17,"4":17,"5":17,"6":1,"7":1,"8":1,"9":1,"10":1,"11":1,"12":17,"13":1},"b":{},"f":{"1":17,"2":1,"3":1,"4":1,"5":1,"6":1,"7":17},"fnMap":{"1":{"name":"(anonymous_1)","line":4,"loc":{"start":{"line":4,"column":15},"end":{"line":4,"column":32}}},"2":{"name":"(anonymous_2)","line":12,"loc":{"start":{"line":12,"column":12},"end":{"line":12,"column":20}}},"3":{"name":"(anonymous_3)","line":17,"loc":{"start":{"line":17,"column":10},"end":{"line":17,"column":13}}},"4":{"name":"(anonymous_4)","line":22,"loc":{"start":{"line":22,"column":10},"end":{"line":22,"column":18}}},"5":{"name":"(anonymous_5)","line":32,"loc":{"start":{"line":32,"column":12},"end":{"line":32,"column":17}}},"6":{"name":"(anonymous_6)","line":53,"loc":{"start":{"line":53,"column":14},"end":{"line":53,"column":22}}},"7":{"name":"(anonymous_7)","line":68,"loc":{"start":{"line":68,"column":22},"end":{"line":68,"column":25}}}},"statementMap":{"1":{"start":{"line":1,"column":0},"end":{"line":1,"column":40}},"2":{"start":{"line":5,"column":8},"end":{"line":5,"column":21}},"3":{"start":{"line":6,"column":8},"end":{"line":6,"column":37}},"4":{"start":{"line":8,"column":8},"end":{"line":8,"column":56}},"5":{"start":{"line":9,"column":8},"end":{"line":9,"column":66}},"6":{"start":{"line":13,"column":8},"end":{"line":14,"column":23}},"7":{"start":{"line":18,"column":8},"end":{"line":19,"column":23}},"8":{"start":{"line":26,"column":8},"end":{"line":29,"column":15}},"9":{"start":{"line":28,"column":16},"end":{"line":28,"column":29}},"10":{"start":{"line":33,"column":8},"end":{"line":35,"column":11}},"11":{"start":{"line":54,"column":8},"end":{"line":56,"column":18}},"12":{"start":{"line":69,"column":8},"end":{"line":69,"column":56}},"13":{"start":{"line":73,"column":0},"end":{"line":73,"column":33}}},"branchMap":{}},"C:\\Users\\Zach\\Dropbox\\Project\\Teamwork\\CarRentals\\data\\models.data\\cars.data.js":{"path":"C:\\Users\\Zach\\Dropbox\\Project\\Teamwork\\CarRentals\\data\\models.data\\cars.data.js","s":{"1":1,"2":1,"3":1,"4":1,"5":1,"6":5,"7":1,"8":2,"9":2,"10":2,"11":1,"12":1,"13":1,"14":2,"15":2,"16":2,"17":1,"18":1,"19":1},"b":{},"f":{"1":5,"2":1,"3":2,"4":2},"fnMap":{"1":{"name":"(anonymous_1)","line":10,"loc":{"start":{"line":10,"column":15},"end":{"line":10,"column":20}}},"2":{"name":"(anonymous_2)","line":14,"loc":{"start":{"line":14,"column":19},"end":{"line":14,"column":24}}},"3":{"name":"(anonymous_3)","line":20,"loc":{"start":{"line":20,"column":10},"end":{"line":20,"column":27}}},"4":{"name":"(anonymous_4)","line":35,"loc":{"start":{"line":35,"column":17},"end":{"line":35,"column":40}}}},"statementMap":{"1":{"start":{"line":1,"column":0},"end":{"line":1,"column":46}},"2":{"start":{"line":2,"column":0},"end":{"line":2,"column":50}},"3":{"start":{"line":4,"column":0},"end":{"line":4,"column":56}},"4":{"start":{"line":6,"column":0},"end":{"line":6,"column":60}},"5":{"start":{"line":7,"column":0},"end":{"line":7,"column":40}},"6":{"start":{"line":11,"column":8},"end":{"line":11,"column":23}},"7":{"start":{"line":15,"column":8},"end":{"line":17,"column":11}},"8":{"start":{"line":21,"column":8},"end":{"line":21,"column":24}},"9":{"start":{"line":23,"column":8},"end":{"line":27,"column":9}},"10":{"start":{"line":24,"column":12},"end":{"line":24,"column":50}},"11":{"start":{"line":26,"column":12},"end":{"line":26,"column":41}},"12":{"start":{"line":29,"column":8},"end":{"line":32,"column":15}},"13":{"start":{"line":31,"column":16},"end":{"line":31,"column":35}},"14":{"start":{"line":36,"column":8},"end":{"line":36,"column":24}},"15":{"start":{"line":38,"column":8},"end":{"line":42,"column":9}},"16":{"start":{"line":39,"column":12},"end":{"line":39,"column":53}},"17":{"start":{"line":41,"column":12},"end":{"line":41,"column":41}},"18":{"start":{"line":44,"column":8},"end":{"line":48,"column":11}},"19":{"start":{"line":52,"column":0},"end":{"line":52,"column":26}}},"branchMap":{}},"C:\\Users\\Zach\\Dropbox\\Project\\Teamwork\\CarRentals\\models\\car.model.js":{"path":"C:\\Users\\Zach\\Dropbox\\Project\\Teamwork\\CarRentals\\models\\car.model.js","s":{"1":1,"2":1,"3":6,"4":6,"5":6,"6":6,"7":6,"8":6,"9":6,"10":6,"11":6,"12":6,"13":6,"14":6,"15":6,"16":6,"17":6,"18":6,"19":0,"20":1,"21":6,"22":6,"23":6,"24":6,"25":6,"26":1,"27":6,"28":6,"29":6,"30":6,"31":6,"32":1,"33":6,"34":6,"35":6,"36":6,"37":6,"38":1,"39":6,"40":6,"41":6,"42":6,"43":6,"44":0,"45":6,"46":1,"47":6,"48":6,"49":6,"50":6,"51":6,"52":0,"53":6,"54":1,"55":6,"56":6,"57":6,"58":6,"59":6,"60":0,"61":6,"62":1,"63":6,"64":6,"65":6,"66":6,"67":6,"68":1,"69":6,"70":6,"71":6,"72":6,"73":6,"74":1,"75":6,"76":6,"77":6,"78":6,"79":6,"80":0,"81":6,"82":1,"83":6,"84":6,"85":6,"86":6,"87":6,"88":0,"89":6,"90":1,"91":6,"92":0,"93":6,"94":6,"95":6,"96":6,"97":0,"98":6,"99":1,"100":6,"101":6,"102":6,"103":6,"104":6,"105":0,"106":6,"107":1,"108":6,"109":6,"110":6,"111":6,"112":6,"113":0,"114":6,"115":1,"116":6,"117":0,"118":6,"119":6,"120":6,"121":6,"122":0,"123":6,"124":1,"125":0,"126":1},"b":{"1":[0,6],"2":[6,6],"3":[0,6],"4":[6,6],"5":[0,6],"6":[6,6],"7":[0,6],"8":[6,6],"9":[0,6],"10":[6,6],"11":[0,6],"12":[0,6],"13":[6,6],"14":[0,6],"15":[6,6],"16":[0,6],"17":[6,6],"18":[0,6],"19":[0,6],"20":[6,6]},"f":{"1":6,"2":0,"3":1,"4":6,"5":1,"6":6,"7":1,"8":6,"9":1,"10":6,"11":1,"12":6,"13":1,"14":6,"15":1,"16":6,"17":1,"18":6,"19":1,"20":6,"21":1,"22":6,"23":1,"24":6,"25":1,"26":6,"27":1,"28":6,"29":1,"30":6},"fnMap":{"1":{"name":"(anonymous_1)","line":5,"loc":{"start":{"line":5,"column":15},"end":{"line":5,"column":34}}},"2":{"name":"(anonymous_2)","line":24,"loc":{"start":{"line":24,"column":10},"end":{"line":24,"column":13}}},"3":{"name":"(anonymous_3)","line":28,"loc":{"start":{"line":28,"column":18},"end":{"line":28,"column":21}}},"4":{"name":"(anonymous_4)","line":32,"loc":{"start":{"line":32,"column":18},"end":{"line":32,"column":26}}},"5":{"name":"(anonymous_5)","line":40,"loc":{"start":{"line":40,"column":17},"end":{"line":40,"column":20}}},"6":{"name":"(anonymous_6)","line":44,"loc":{"start":{"line":44,"column":17},"end":{"line":44,"column":25}}},"7":{"name":"(anonymous_7)","line":52,"loc":{"start":{"line":52,"column":21},"end":{"line":52,"column":24}}},"8":{"name":"(anonymous_8)","line":56,"loc":{"start":{"line":56,"column":21},"end":{"line":56,"column":29}}},"9":{"name":"(anonymous_9)","line":64,"loc":{"start":{"line":64,"column":20},"end":{"line":64,"column":23}}},"10":{"name":"(anonymous_10)","line":68,"loc":{"start":{"line":68,"column":20},"end":{"line":68,"column":28}}},"11":{"name":"(anonymous_11)","line":79,"loc":{"start":{"line":79,"column":18},"end":{"line":79,"column":21}}},"12":{"name":"(anonymous_12)","line":83,"loc":{"start":{"line":83,"column":18},"end":{"line":83,"column":26}}},"13":{"name":"(anonymous_13)","line":94,"loc":{"start":{"line":94,"column":19},"end":{"line":94,"column":22}}},"14":{"name":"(anonymous_14)","line":98,"loc":{"start":{"line":98,"column":19},"end":{"line":98,"column":27}}},"15":{"name":"(anonymous_15)","line":109,"loc":{"start":{"line":109,"column":17},"end":{"line":109,"column":20}}},"16":{"name":"(anonymous_16)","line":113,"loc":{"start":{"line":113,"column":17},"end":{"line":113,"column":25}}},"17":{"name":"(anonymous_17)","line":121,"loc":{"start":{"line":121,"column":21},"end":{"line":121,"column":24}}},"18":{"name":"(anonymous_18)","line":125,"loc":{"start":{"line":125,"column":21},"end":{"line":125,"column":29}}},"19":{"name":"(anonymous_19)","line":133,"loc":{"start":{"line":133,"column":16},"end":{"line":133,"column":19}}},"20":{"name":"(anonymous_20)","line":137,"loc":{"start":{"line":137,"column":16},"end":{"line":137,"column":24}}},"21":{"name":"(anonymous_21)","line":148,"loc":{"start":{"line":148,"column":26},"end":{"line":148,"column":29}}},"22":{"name":"(anonymous_22)","line":152,"loc":{"start":{"line":152,"column":26},"end":{"line":152,"column":34}}},"23":{"name":"(anonymous_23)","line":163,"loc":{"start":{"line":163,"column":23},"end":{"line":163,"column":26}}},"24":{"name":"(anonymous_24)","line":167,"loc":{"start":{"line":167,"column":23},"end":{"line":167,"column":31}}},"25":{"name":"(anonymous_25)","line":182,"loc":{"start":{"line":182,"column":18},"end":{"line":182,"column":21}}},"26":{"name":"(anonymous_26)","line":186,"loc":{"start":{"line":186,"column":18},"end":{"line":186,"column":26}}},"27":{"name":"(anonymous_27)","line":198,"loc":{"start":{"line":198,"column":21},"end":{"line":198,"column":24}}},"28":{"name":"(anonymous_28)","line":202,"loc":{"start":{"line":202,"column":21},"end":{"line":202,"column":29}}},"29":{"name":"(anonymous_29)","line":214,"loc":{"start":{"line":214,"column":30},"end":{"line":214,"column":33}}},"30":{"name":"(anonymous_30)","line":218,"loc":{"start":{"line":218,"column":30},"end":{"line":218,"column":38}}}},"statementMap":{"1":{"start":{"line":1,"column":0},"end":{"line":1,"column":52}},"2":{"start":{"line":2,"column":0},"end":{"line":2,"column":59}},"3":{"start":{"line":6,"column":8},"end":{"line":6,"column":42}},"4":{"start":{"line":7,"column":8},"end":{"line":7,"column":40}},"5":{"start":{"line":8,"column":8},"end":{"line":8,"column":39}},"6":{"start":{"line":9,"column":8},"end":{"line":9,"column":46}},"7":{"start":{"line":10,"column":8},"end":{"line":10,"column":42}},"8":{"start":{"line":11,"column":8},"end":{"line":11,"column":44}},"9":{"start":{"line":12,"column":8},"end":{"line":12,"column":40}},"10":{"start":{"line":13,"column":8},"end":{"line":13,"column":48}},"11":{"start":{"line":14,"column":8},"end":{"line":14,"column":38}},"12":{"start":{"line":15,"column":8},"end":{"line":15,"column":58}},"13":{"start":{"line":16,"column":8},"end":{"line":16,"column":52}},"14":{"start":{"line":17,"column":8},"end":{"line":17,"column":42}},"15":{"start":{"line":18,"column":8},"end":{"line":18,"column":48}},"16":{"start":{"line":19,"column":8},"end":{"line":19,"column":66}},"17":{"start":{"line":20,"column":8},"end":{"line":20,"column":27}},"18":{"start":{"line":21,"column":8},"end":{"line":21,"column":25}},"19":{"start":{"line":25,"column":8},"end":{"line":25,"column":24}},"20":{"start":{"line":29,"column":8},"end":{"line":29,"column":30}},"21":{"start":{"line":33,"column":8},"end":{"line":33,"column":39}},"22":{"start":{"line":34,"column":8},"end":{"line":34,"column":62}},"23":{"start":{"line":35,"column":8},"end":{"line":35,"column":61}},"24":{"start":{"line":36,"column":8},"end":{"line":36,"column":58}},"25":{"start":{"line":37,"column":8},"end":{"line":37,"column":33}},"26":{"start":{"line":41,"column":8},"end":{"line":41,"column":29}},"27":{"start":{"line":45,"column":8},"end":{"line":45,"column":36}},"28":{"start":{"line":46,"column":8},"end":{"line":46,"column":58}},"29":{"start":{"line":47,"column":8},"end":{"line":47,"column":57}},"30":{"start":{"line":48,"column":8},"end":{"line":48,"column":54}},"31":{"start":{"line":49,"column":8},"end":{"line":49,"column":29}},"32":{"start":{"line":53,"column":8},"end":{"line":53,"column":33}},"33":{"start":{"line":57,"column":8},"end":{"line":57,"column":60}},"34":{"start":{"line":58,"column":8},"end":{"line":58,"column":63}},"35":{"start":{"line":59,"column":8},"end":{"line":59,"column":47}},"36":{"start":{"line":60,"column":8},"end":{"line":60,"column":59}},"37":{"start":{"line":61,"column":8},"end":{"line":61,"column":33}},"38":{"start":{"line":65,"column":8},"end":{"line":65,"column":32}},"39":{"start":{"line":69,"column":8},"end":{"line":69,"column":42}},"40":{"start":{"line":70,"column":8},"end":{"line":70,"column":67}},"41":{"start":{"line":71,"column":8},"end":{"line":71,"column":58}},"42":{"start":{"line":72,"column":8},"end":{"line":72,"column":63}},"43":{"start":{"line":73,"column":8},"end":{"line":75,"column":9}},"44":{"start":{"line":74,"column":12},"end":{"line":74,"column":76}},"45":{"start":{"line":76,"column":8},"end":{"line":76,"column":33}},"46":{"start":{"line":80,"column":8},"end":{"line":80,"column":30}},"47":{"start":{"line":84,"column":8},"end":{"line":84,"column":42}},"48":{"start":{"line":85,"column":8},"end":{"line":85,"column":65}},"49":{"start":{"line":86,"column":8},"end":{"line":86,"column":56}},"50":{"start":{"line":87,"column":8},"end":{"line":87,"column":61}},"51":{"start":{"line":88,"column":8},"end":{"line":90,"column":9}},"52":{"start":{"line":89,"column":12},"end":{"line":89,"column":74}},"53":{"start":{"line":91,"column":8},"end":{"line":91,"column":31}},"54":{"start":{"line":95,"column":8},"end":{"line":95,"column":31}},"55":{"start":{"line":99,"column":8},"end":{"line":99,"column":42}},"56":{"start":{"line":100,"column":8},"end":{"line":100,"column":66}},"57":{"start":{"line":101,"column":8},"end":{"line":101,"column":57}},"58":{"start":{"line":102,"column":8},"end":{"line":102,"column":62}},"59":{"start":{"line":103,"column":8},"end":{"line":105,"column":9}},"60":{"start":{"line":104,"column":12},"end":{"line":104,"column":74}},"61":{"start":{"line":106,"column":8},"end":{"line":106,"column":32}},"62":{"start":{"line":110,"column":8},"end":{"line":110,"column":29}},"63":{"start":{"line":114,"column":8},"end":{"line":114,"column":40}},"64":{"start":{"line":115,"column":8},"end":{"line":115,"column":67}},"65":{"start":{"line":116,"column":8},"end":{"line":116,"column":66}},"66":{"start":{"line":117,"column":8},"end":{"line":117,"column":63}},"67":{"start":{"line":118,"column":8},"end":{"line":118,"column":33}},"68":{"start":{"line":122,"column":8},"end":{"line":122,"column":33}},"69":{"start":{"line":126,"column":8},"end":{"line":126,"column":48}},"70":{"start":{"line":127,"column":8},"end":{"line":127,"column":83}},"71":{"start":{"line":128,"column":8},"end":{"line":128,"column":82}},"72":{"start":{"line":129,"column":8},"end":{"line":129,"column":79}},"73":{"start":{"line":130,"column":8},"end":{"line":130,"column":45}},"74":{"start":{"line":134,"column":8},"end":{"line":134,"column":28}},"75":{"start":{"line":138,"column":8},"end":{"line":138,"column":40}},"76":{"start":{"line":139,"column":8},"end":{"line":139,"column":60}},"77":{"start":{"line":140,"column":8},"end":{"line":140,"column":51}},"78":{"start":{"line":141,"column":8},"end":{"line":141,"column":56}},"79":{"start":{"line":142,"column":8},"end":{"line":144,"column":9}},"80":{"start":{"line":143,"column":12},"end":{"line":143,"column":72}},"81":{"start":{"line":145,"column":8},"end":{"line":145,"column":27}},"82":{"start":{"line":149,"column":8},"end":{"line":149,"column":38}},"83":{"start":{"line":153,"column":8},"end":{"line":153,"column":41}},"84":{"start":{"line":154,"column":8},"end":{"line":154,"column":73}},"85":{"start":{"line":155,"column":8},"end":{"line":155,"column":64}},"86":{"start":{"line":156,"column":8},"end":{"line":156,"column":69}},"87":{"start":{"line":157,"column":8},"end":{"line":159,"column":9}},"88":{"start":{"line":158,"column":12},"end":{"line":158,"column":88}},"89":{"start":{"line":160,"column":8},"end":{"line":160,"column":38}},"90":{"start":{"line":164,"column":8},"end":{"line":164,"column":35}},"91":{"start":{"line":168,"column":8},"end":{"line":170,"column":9}},"92":{"start":{"line":169,"column":12},"end":{"line":169,"column":22}},"93":{"start":{"line":172,"column":8},"end":{"line":172,"column":70}},"94":{"start":{"line":173,"column":8},"end":{"line":173,"column":61}},"95":{"start":{"line":174,"column":8},"end":{"line":174,"column":66}},"96":{"start":{"line":175,"column":8},"end":{"line":177,"column":9}},"97":{"start":{"line":176,"column":12},"end":{"line":176,"column":63}},"98":{"start":{"line":179,"column":8},"end":{"line":179,"column":36}},"99":{"start":{"line":183,"column":8},"end":{"line":183,"column":30}},"100":{"start":{"line":187,"column":8},"end":{"line":187,"column":44}},"101":{"start":{"line":188,"column":8},"end":{"line":188,"column":65}},"102":{"start":{"line":189,"column":8},"end":{"line":189,"column":56}},"103":{"start":{"line":190,"column":8},"end":{"line":190,"column":61}},"104":{"start":{"line":191,"column":8},"end":{"line":193,"column":9}},"105":{"start":{"line":192,"column":12},"end":{"line":192,"column":76}},"106":{"start":{"line":195,"column":8},"end":{"line":195,"column":31}},"107":{"start":{"line":199,"column":8},"end":{"line":199,"column":33}},"108":{"start":{"line":203,"column":8},"end":{"line":203,"column":44}},"109":{"start":{"line":204,"column":8},"end":{"line":204,"column":68}},"110":{"start":{"line":205,"column":8},"end":{"line":205,"column":59}},"111":{"start":{"line":206,"column":8},"end":{"line":206,"column":64}},"112":{"start":{"line":207,"column":8},"end":{"line":209,"column":9}},"113":{"start":{"line":208,"column":12},"end":{"line":208,"column":79}},"114":{"start":{"line":211,"column":8},"end":{"line":211,"column":34}},"115":{"start":{"line":215,"column":8},"end":{"line":215,"column":42}},"116":{"start":{"line":219,"column":8},"end":{"line":221,"column":9}},"117":{"start":{"line":220,"column":12},"end":{"line":220,"column":22}},"118":{"start":{"line":223,"column":8},"end":{"line":223,"column":68}},"119":{"start":{"line":224,"column":8},"end":{"line":224,"column":59}},"120":{"start":{"line":225,"column":8},"end":{"line":225,"column":64}},"121":{"start":{"line":226,"column":8},"end":{"line":228,"column":9}},"122":{"start":{"line":227,"column":12},"end":{"line":227,"column":71}},"123":{"start":{"line":230,"column":8},"end":{"line":230,"column":43}},"124":{"start":{"line":235,"column":0},"end":{"line":237,"column":2}},"125":{"start":{"line":236,"column":4},"end":{"line":236,"column":37}},"126":{"start":{"line":239,"column":0},"end":{"line":239,"column":34}}},"branchMap":{"1":{"line":73,"type":"if","locations":[{"start":{"line":73,"column":8},"end":{"line":73,"column":8}},{"start":{"line":73,"column":8},"end":{"line":73,"column":8}}]},"2":{"line":73,"type":"binary-expr","locations":[{"start":{"line":73,"column":12},"end":{"line":73,"column":21}},{"start":{"line":73,"column":25},"end":{"line":73,"column":35}}]},"3":{"line":88,"type":"if","locations":[{"start":{"line":88,"column":8},"end":{"line":88,"column":8}},{"start":{"line":88,"column":8},"end":{"line":88,"column":8}}]},"4":{"line":88,"type":"binary-expr","locations":[{"start":{"line":88,"column":12},"end":{"line":88,"column":21}},{"start":{"line":88,"column":25},"end":{"line":88,"column":35}}]},"5":{"line":103,"type":"if","locations":[{"start":{"line":103,"column":8},"end":{"line":103,"column":8}},{"start":{"line":103,"column":8},"end":{"line":103,"column":8}}]},"6":{"line":103,"type":"binary-expr","locations":[{"start":{"line":103,"column":12},"end":{"line":103,"column":21}},{"start":{"line":103,"column":25},"end":{"line":103,"column":34}}]},"7":{"line":142,"type":"if","locations":[{"start":{"line":142,"column":8},"end":{"line":142,"column":8}},{"start":{"line":142,"column":8},"end":{"line":142,"column":8}}]},"8":{"line":142,"type":"binary-expr","locations":[{"start":{"line":142,"column":12},"end":{"line":142,"column":19}},{"start":{"line":142,"column":23},"end":{"line":142,"column":32}}]},"9":{"line":157,"type":"if","locations":[{"start":{"line":157,"column":8},"end":{"line":157,"column":8}},{"start":{"line":157,"column":8},"end":{"line":157,"column":8}}]},"10":{"line":157,"type":"binary-expr","locations":[{"start":{"line":157,"column":12},"end":{"line":157,"column":23}},{"start":{"line":157,"column":27},"end":{"line":157,"column":38}}]},"11":{"line":168,"type":"if","locations":[{"start":{"line":168,"column":8},"end":{"line":168,"column":8}},{"start":{"line":168,"column":8},"end":{"line":168,"column":8}}]},"12":{"line":175,"type":"if","locations":[{"start":{"line":175,"column":8},"end":{"line":175,"column":8}},{"start":{"line":175,"column":8},"end":{"line":175,"column":8}}]},"13":{"line":175,"type":"binary-expr","locations":[{"start":{"line":175,"column":12},"end":{"line":175,"column":21}},{"start":{"line":175,"column":25},"end":{"line":175,"column":34}}]},"14":{"line":191,"type":"if","locations":[{"start":{"line":191,"column":8},"end":{"line":191,"column":8}},{"start":{"line":191,"column":8},"end":{"line":191,"column":8}}]},"15":{"line":191,"type":"binary-expr","locations":[{"start":{"line":191,"column":12},"end":{"line":191,"column":21}},{"start":{"line":191,"column":25},"end":{"line":191,"column":37}}]},"16":{"line":207,"type":"if","locations":[{"start":{"line":207,"column":8},"end":{"line":207,"column":8}},{"start":{"line":207,"column":8},"end":{"line":207,"column":8}}]},"17":{"line":207,"type":"binary-expr","locations":[{"start":{"line":207,"column":12},"end":{"line":207,"column":21}},{"start":{"line":207,"column":25},"end":{"line":207,"column":37}}]},"18":{"line":219,"type":"if","locations":[{"start":{"line":219,"column":8},"end":{"line":219,"column":8}},{"start":{"line":219,"column":8},"end":{"line":219,"column":8}}]},"19":{"line":226,"type":"if","locations":[{"start":{"line":226,"column":8},"end":{"line":226,"column":8}},{"start":{"line":226,"column":8},"end":{"line":226,"column":8}}]},"20":{"line":226,"type":"binary-expr","locations":[{"start":{"line":226,"column":12},"end":{"line":226,"column":21}},{"start":{"line":226,"column":25},"end":{"line":226,"column":34}}]}}},"C:\\Users\\Zach\\Dropbox\\Project\\Teamwork\\CarRentals\\utils\\validator.js":{"path":"C:\\Users\\Zach\\Dropbox\\Project\\Teamwork\\CarRentals\\utils\\validator.js","s":{"1":1,"2":2,"3":1,"4":2,"5":1,"6":2,"7":1,"8":3,"9":1,"10":2,"11":2,"12":1,"13":3,"14":1,"15":2,"16":2,"17":1,"18":3,"19":2,"20":2,"21":2,"22":1,"23":2,"24":2,"25":1,"26":3,"27":3,"28":2,"29":3,"30":3,"31":2,"32":1},"b":{"1":[1,1],"2":[1,1],"3":[1,1],"4":[1,2],"5":[3,2],"6":[1,1],"7":[1,2],"8":[3,2],"9":[1,1],"10":[2,1],"11":[3,2],"12":[1,1],"13":[1,1],"14":[2,1],"15":[2,1]},"f":{},"fnMap":{},"statementMap":{"1":{"start":{"line":1,"column":0},"end":{"line":68,"column":2}},"2":{"start":{"line":3,"column":8},"end":{"line":5,"column":9}},"3":{"start":{"line":4,"column":12},"end":{"line":4,"column":66}},"4":{"start":{"line":8,"column":8},"end":{"line":10,"column":9}},"5":{"start":{"line":9,"column":12},"end":{"line":9,"column":52}},"6":{"start":{"line":13,"column":8},"end":{"line":15,"column":9}},"7":{"start":{"line":14,"column":12},"end":{"line":14,"column":59}},"8":{"start":{"line":18,"column":8},"end":{"line":20,"column":9}},"9":{"start":{"line":19,"column":12},"end":{"line":19,"column":52}},"10":{"start":{"line":22,"column":8},"end":{"line":22,"column":49}},"11":{"start":{"line":24,"column":8},"end":{"line":26,"column":9}},"12":{"start":{"line":25,"column":12},"end":{"line":25,"column":132}},"13":{"start":{"line":29,"column":8},"end":{"line":31,"column":9}},"14":{"start":{"line":30,"column":12},"end":{"line":30,"column":50}},"15":{"start":{"line":33,"column":8},"end":{"line":33,"column":188}},"16":{"start":{"line":35,"column":8},"end":{"line":37,"column":9}},"17":{"start":{"line":36,"column":12},"end":{"line":36,"column":43}},"18":{"start":{"line":40,"column":8},"end":{"line":42,"column":9}},"19":{"start":{"line":41,"column":12},"end":{"line":41,"column":64}},"20":{"start":{"line":45,"column":8},"end":{"line":45,"column":175}},"21":{"start":{"line":46,"column":8},"end":{"line":48,"column":9}},"22":{"start":{"line":47,"column":12},"end":{"line":47,"column":45}},"23":{"start":{"line":51,"column":8},"end":{"line":51,"column":74}},"24":{"start":{"line":52,"column":8},"end":{"line":54,"column":9}},"25":{"start":{"line":53,"column":12},"end":{"line":53,"column":90}},"26":{"start":{"line":57,"column":8},"end":{"line":57,"column":63}},"27":{"start":{"line":58,"column":8},"end":{"line":60,"column":9}},"28":{"start":{"line":59,"column":12},"end":{"line":59,"column":104}},"29":{"start":{"line":63,"column":8},"end":{"line":63,"column":69}},"30":{"start":{"line":64,"column":8},"end":{"line":66,"column":9}},"31":{"start":{"line":65,"column":12},"end":{"line":65,"column":91}},"32":{"start":{"line":70,"column":0},"end":{"line":70,"column":31}}},"branchMap":{"1":{"line":3,"type":"if","locations":[{"start":{"line":3,"column":8},"end":{"line":3,"column":8}},{"start":{"line":3,"column":8},"end":{"line":3,"column":8}}]},"2":{"line":8,"type":"if","locations":[{"start":{"line":8,"column":8},"end":{"line":8,"column":8}},{"start":{"line":8,"column":8},"end":{"line":8,"column":8}}]},"3":{"line":13,"type":"if","locations":[{"start":{"line":13,"column":8},"end":{"line":13,"column":8}},{"start":{"line":13,"column":8},"end":{"line":13,"column":8}}]},"4":{"line":18,"type":"if","locations":[{"start":{"line":18,"column":8},"end":{"line":18,"column":8}},{"start":{"line":18,"column":8},"end":{"line":18,"column":8}}]},"5":{"line":18,"type":"binary-expr","locations":[{"start":{"line":18,"column":12},"end":{"line":18,"column":18}},{"start":{"line":18,"column":22},"end":{"line":18,"column":40}}]},"6":{"line":24,"type":"if","locations":[{"start":{"line":24,"column":8},"end":{"line":24,"column":8}},{"start":{"line":24,"column":8},"end":{"line":24,"column":8}}]},"7":{"line":29,"type":"if","locations":[{"start":{"line":29,"column":8},"end":{"line":29,"column":8}},{"start":{"line":29,"column":8},"end":{"line":29,"column":8}}]},"8":{"line":29,"type":"binary-expr","locations":[{"start":{"line":29,"column":12},"end":{"line":29,"column":16}},{"start":{"line":29,"column":20},"end":{"line":29,"column":36}}]},"9":{"line":35,"type":"if","locations":[{"start":{"line":35,"column":8},"end":{"line":35,"column":8}},{"start":{"line":35,"column":8},"end":{"line":35,"column":8}}]},"10":{"line":40,"type":"if","locations":[{"start":{"line":40,"column":8},"end":{"line":40,"column":8}},{"start":{"line":40,"column":8},"end":{"line":40,"column":8}}]},"11":{"line":40,"type":"binary-expr","locations":[{"start":{"line":40,"column":12},"end":{"line":40,"column":40}},{"start":{"line":40,"column":44},"end":{"line":40,"column":58}}]},"12":{"line":46,"type":"if","locations":[{"start":{"line":46,"column":8},"end":{"line":46,"column":8}},{"start":{"line":46,"column":8},"end":{"line":46,"column":8}}]},"13":{"line":52,"type":"if","locations":[{"start":{"line":52,"column":8},"end":{"line":52,"column":8}},{"start":{"line":52,"column":8},"end":{"line":52,"column":8}}]},"14":{"line":58,"type":"if","locations":[{"start":{"line":58,"column":8},"end":{"line":58,"column":8}},{"start":{"line":58,"column":8},"end":{"line":58,"column":8}}]},"15":{"line":64,"type":"if","locations":[{"start":{"line":64,"column":8},"end":{"line":64,"column":8}},{"start":{"line":64,"column":8},"end":{"line":64,"column":8}}]}}},"C:\\Users\\Zach\\Dropbox\\Project\\Teamwork\\CarRentals\\utils\\inputConverter.js":{"path":"C:\\Users\\Zach\\Dropbox\\Project\\Teamwork\\CarRentals\\utils\\inputConverter.js","s":{"1":1,"2":98,"3":0,"4":98,"5":1},"b":{"1":[0,98]},"f":{},"fnMap":{},"statementMap":{"1":{"start":{"line":1,"column":0},"end":{"line":15,"column":2}},"2":{"start":{"line":2,"column":4},"end":{"line":5,"column":5}},"3":{"start":{"line":4,"column":8},"end":{"line":4,"column":22}},"4":{"start":{"line":7,"column":4},"end":{"line":14,"column":34}},"5":{"start":{"line":17,"column":0},"end":{"line":17,"column":29}}},"branchMap":{"1":{"line":2,"type":"if","locations":[{"start":{"line":2,"column":4},"end":{"line":2,"column":4}},{"start":{"line":2,"column":4},"end":{"line":2,"column":4}}]}}},"C:\\Users\\Zach\\Dropbox\\Project\\Teamwork\\CarRentals\\models\\comment.model.js":{"path":"C:\\Users\\Zach\\Dropbox\\Project\\Teamwork\\CarRentals\\models\\comment.model.js","s":{"1":1,"2":1,"3":5,"4":5,"5":0,"6":1,"7":5,"8":5,"9":5,"10":5,"11":5,"12":1,"13":5,"14":5,"15":5,"16":5,"17":5,"18":1,"19":0,"20":1},"b":{},"f":{"1":5,"2":0,"3":1,"4":5,"5":1,"6":5},"fnMap":{"1":{"name":"(anonymous_1)","line":5,"loc":{"start":{"line":5,"column":15},"end":{"line":5,"column":29}}},"2":{"name":"(anonymous_2)","line":10,"loc":{"start":{"line":10,"column":10},"end":{"line":10,"column":13}}},"3":{"name":"(anonymous_3)","line":14,"loc":{"start":{"line":14,"column":15},"end":{"line":14,"column":18}}},"4":{"name":"(anonymous_4)","line":18,"loc":{"start":{"line":18,"column":15},"end":{"line":18,"column":23}}},"5":{"name":"(anonymous_5)","line":26,"loc":{"start":{"line":26,"column":16},"end":{"line":26,"column":19}}},"6":{"name":"(anonymous_6)","line":30,"loc":{"start":{"line":30,"column":16},"end":{"line":30,"column":24}}}},"statementMap":{"1":{"start":{"line":1,"column":0},"end":{"line":1,"column":52}},"2":{"start":{"line":2,"column":0},"end":{"line":2,"column":59}},"3":{"start":{"line":6,"column":8},"end":{"line":6,"column":37}},"4":{"start":{"line":7,"column":8},"end":{"line":7,"column":38}},"5":{"start":{"line":11,"column":8},"end":{"line":11,"column":24}},"6":{"start":{"line":15,"column":8},"end":{"line":15,"column":27}},"7":{"start":{"line":19,"column":8},"end":{"line":19,"column":43}},"8":{"start":{"line":20,"column":8},"end":{"line":20,"column":69}},"9":{"start":{"line":21,"column":8},"end":{"line":21,"column":48}},"10":{"start":{"line":22,"column":8},"end":{"line":22,"column":65}},"11":{"start":{"line":23,"column":8},"end":{"line":23,"column":34}},"12":{"start":{"line":27,"column":8},"end":{"line":27,"column":28}},"13":{"start":{"line":31,"column":8},"end":{"line":31,"column":36}},"14":{"start":{"line":32,"column":8},"end":{"line":32,"column":61}},"15":{"start":{"line":33,"column":8},"end":{"line":33,"column":60}},"16":{"start":{"line":34,"column":8},"end":{"line":34,"column":57}},"17":{"start":{"line":35,"column":8},"end":{"line":35,"column":28}},"18":{"start":{"line":39,"column":0},"end":{"line":41,"column":2}},"19":{"start":{"line":40,"column":4},"end":{"line":40,"column":36}},"20":{"start":{"line":43,"column":0},"end":{"line":43,"column":42}}},"branchMap":{}},"C:\\Users\\Zach\\Dropbox\\Project\\Teamwork\\CarRentals\\data\\models.data\\reviews.data.js":{"path":"C:\\Users\\Zach\\Dropbox\\Project\\Teamwork\\CarRentals\\data\\models.data\\reviews.data.js","s":{"1":1,"2":1,"3":1,"4":2,"5":2,"6":2,"7":2,"8":1,"9":1,"10":1,"11":1},"b":{},"f":{"1":2,"2":2},"fnMap":{"1":{"name":"(anonymous_1)","line":7,"loc":{"start":{"line":7,"column":15},"end":{"line":7,"column":20}}},"2":{"name":"(anonymous_2)","line":11,"loc":{"start":{"line":11,"column":10},"end":{"line":11,"column":25}}}},"statementMap":{"1":{"start":{"line":1,"column":0},"end":{"line":1,"column":46}},"2":{"start":{"line":3,"column":0},"end":{"line":3,"column":65}},"3":{"start":{"line":4,"column":0},"end":{"line":4,"column":59}},"4":{"start":{"line":8,"column":8},"end":{"line":8,"column":26}},"5":{"start":{"line":13,"column":8},"end":{"line":13,"column":24}},"6":{"start":{"line":15,"column":8},"end":{"line":19,"column":9}},"7":{"start":{"line":16,"column":12},"end":{"line":16,"column":51}},"8":{"start":{"line":18,"column":12},"end":{"line":18,"column":41}},"9":{"start":{"line":21,"column":8},"end":{"line":24,"column":15}},"10":{"start":{"line":23,"column":16},"end":{"line":23,"column":35}},"11":{"start":{"line":28,"column":0},"end":{"line":28,"column":29}}},"branchMap":{}},"C:\\Users\\Zach\\Dropbox\\Project\\Teamwork\\CarRentals\\models\\review.model.js":{"path":"C:\\Users\\Zach\\Dropbox\\Project\\Teamwork\\CarRentals\\models\\review.model.js","s":{"1":1,"2":1,"3":6,"4":6,"5":6,"6":0,"7":1,"8":6,"9":6,"10":6,"11":6,"12":6,"13":1,"14":6,"15":6,"16":6,"17":6,"18":6,"19":1,"20":6,"21":6,"22":6,"23":6,"24":6,"25":0,"26":6,"27":1,"28":0,"29":1},"b":{"1":[0,6],"2":[6,6]},"f":{"1":6,"2":0,"3":1,"4":6,"5":1,"6":6,"7":1,"8":6},"fnMap":{"1":{"name":"(anonymous_1)","line":5,"loc":{"start":{"line":5,"column":15},"end":{"line":5,"column":29}}},"2":{"name":"(anonymous_2)","line":11,"loc":{"start":{"line":11,"column":10},"end":{"line":11,"column":13}}},"3":{"name":"(anonymous_3)","line":15,"loc":{"start":{"line":15,"column":15},"end":{"line":15,"column":18}}},"4":{"name":"(anonymous_4)","line":19,"loc":{"start":{"line":19,"column":15},"end":{"line":19,"column":23}}},"5":{"name":"(anonymous_5)","line":27,"loc":{"start":{"line":27,"column":16},"end":{"line":27,"column":19}}},"6":{"name":"(anonymous_6)","line":31,"loc":{"start":{"line":31,"column":16},"end":{"line":31,"column":24}}},"7":{"name":"(anonymous_7)","line":39,"loc":{"start":{"line":39,"column":15},"end":{"line":39,"column":18}}},"8":{"name":"(anonymous_8)","line":43,"loc":{"start":{"line":43,"column":15},"end":{"line":43,"column":23}}}},"statementMap":{"1":{"start":{"line":1,"column":0},"end":{"line":1,"column":52}},"2":{"start":{"line":2,"column":0},"end":{"line":2,"column":59}},"3":{"start":{"line":6,"column":8},"end":{"line":6,"column":37}},"4":{"start":{"line":7,"column":8},"end":{"line":7,"column":37}},"5":{"start":{"line":8,"column":8},"end":{"line":8,"column":36}},"6":{"start":{"line":12,"column":8},"end":{"line":12,"column":24}},"7":{"start":{"line":16,"column":8},"end":{"line":16,"column":27}},"8":{"start":{"line":20,"column":8},"end":{"line":20,"column":43}},"9":{"start":{"line":21,"column":8},"end":{"line":21,"column":69}},"10":{"start":{"line":22,"column":8},"end":{"line":22,"column":48}},"11":{"start":{"line":23,"column":8},"end":{"line":23,"column":65}},"12":{"start":{"line":24,"column":8},"end":{"line":24,"column":34}},"13":{"start":{"line":28,"column":8},"end":{"line":28,"column":28}},"14":{"start":{"line":32,"column":8},"end":{"line":32,"column":36}},"15":{"start":{"line":33,"column":8},"end":{"line":33,"column":60}},"16":{"start":{"line":34,"column":8},"end":{"line":34,"column":59}},"17":{"start":{"line":35,"column":8},"end":{"line":35,"column":56}},"18":{"start":{"line":36,"column":8},"end":{"line":36,"column":28}},"19":{"start":{"line":40,"column":8},"end":{"line":40,"column":27}},"20":{"start":{"line":44,"column":8},"end":{"line":44,"column":43}},"21":{"start":{"line":45,"column":8},"end":{"line":45,"column":62}},"22":{"start":{"line":46,"column":8},"end":{"line":46,"column":53}},"23":{"start":{"line":47,"column":8},"end":{"line":47,"column":58}},"24":{"start":{"line":48,"column":8},"end":{"line":50,"column":9}},"25":{"start":{"line":49,"column":12},"end":{"line":49,"column":46}},"26":{"start":{"line":51,"column":8},"end":{"line":51,"column":29}},"27":{"start":{"line":55,"column":0},"end":{"line":57,"column":2}},"28":{"start":{"line":56,"column":4},"end":{"line":56,"column":35}},"29":{"start":{"line":59,"column":0},"end":{"line":59,"column":40}}},"branchMap":{"1":{"line":48,"type":"if","locations":[{"start":{"line":48,"column":8},"end":{"line":48,"column":8}},{"start":{"line":48,"column":8},"end":{"line":48,"column":8}}]},"2":{"line":48,"type":"binary-expr","locations":[{"start":{"line":48,"column":12},"end":{"line":48,"column":22}},{"start":{"line":48,"column":26},"end":{"line":48,"column":36}}]}}},"C:\\Users\\Zach\\Dropbox\\Project\\Teamwork\\CarRentals\\data\\models.data\\users.data.js":{"path":"C:\\Users\\Zach\\Dropbox\\Project\\Teamwork\\CarRentals\\data\\models.data\\users.data.js","s":{"1":1,"2":1,"3":1,"4":1,"5":5,"6":1,"7":1,"8":2,"9":2,"10":2,"11":1,"12":1,"13":1,"14":1,"15":2,"16":2,"17":2,"18":1,"19":1,"20":1,"21":1,"22":1},"b":{},"f":{"1":5,"2":1,"3":2,"4":2},"fnMap":{"1":{"name":"(anonymous_1)","line":9,"loc":{"start":{"line":9,"column":15},"end":{"line":9,"column":20}}},"2":{"name":"(anonymous_2)","line":13,"loc":{"start":{"line":13,"column":18},"end":{"line":13,"column":29}}},"3":{"name":"(anonymous_3)","line":19,"loc":{"start":{"line":19,"column":10},"end":{"line":19,"column":18}}},"4":{"name":"(anonymous_4)","line":37,"loc":{"start":{"line":37,"column":14},"end":{"line":37,"column":22}}}},"statementMap":{"1":{"start":{"line":1,"column":0},"end":{"line":1,"column":46}},"2":{"start":{"line":2,"column":0},"end":{"line":2,"column":53}},"3":{"start":{"line":4,"column":0},"end":{"line":4,"column":59}},"4":{"start":{"line":6,"column":0},"end":{"line":6,"column":53}},"5":{"start":{"line":10,"column":8},"end":{"line":10,"column":24}},"6":{"start":{"line":14,"column":8},"end":{"line":16,"column":36}},"7":{"start":{"line":16,"column":30},"end":{"line":16,"column":34}},"8":{"start":{"line":20,"column":8},"end":{"line":20,"column":24}},"9":{"start":{"line":22,"column":8},"end":{"line":26,"column":9}},"10":{"start":{"line":23,"column":12},"end":{"line":23,"column":42}},"11":{"start":{"line":25,"column":12},"end":{"line":25,"column":41}},"12":{"start":{"line":28,"column":8},"end":{"line":34,"column":15}},"13":{"start":{"line":30,"column":16},"end":{"line":30,"column":52}},"14":{"start":{"line":33,"column":16},"end":{"line":33,"column":32}},"15":{"start":{"line":38,"column":8},"end":{"line":38,"column":24}},"16":{"start":{"line":40,"column":8},"end":{"line":44,"column":9}},"17":{"start":{"line":41,"column":12},"end":{"line":41,"column":42}},"18":{"start":{"line":43,"column":12},"end":{"line":43,"column":41}},"19":{"start":{"line":46,"column":8},"end":{"line":54,"column":15}},"20":{"start":{"line":48,"column":16},"end":{"line":50,"column":25}},"21":{"start":{"line":53,"column":16},"end":{"line":53,"column":31}},"22":{"start":{"line":58,"column":0},"end":{"line":58,"column":27}}},"branchMap":{}},"C:\\Users\\Zach\\Dropbox\\Project\\Teamwork\\CarRentals\\models\\user.model.js":{"path":"C:\\Users\\Zach\\Dropbox\\Project\\Teamwork\\CarRentals\\models\\user.model.js","s":{"1":1,"2":1,"3":8,"4":8,"5":8,"6":8,"7":8,"8":8,"9":8,"10":8,"11":0,"12":8,"13":1,"14":8,"15":8,"16":8,"17":8,"18":8,"19":1,"20":8,"21":8,"22":8,"23":8,"24":8,"25":1,"26":8,"27":8,"28":8,"29":8,"30":8,"31":1,"32":8,"33":8,"34":8,"35":8,"36":8,"37":1,"38":8,"39":8,"40":8,"41":8,"42":8,"43":1,"44":8,"45":0,"46":8,"47":1,"48":8,"49":1,"50":0,"51":1},"b":{"1":[8,0],"2":[8,0],"3":[0,8],"4":[8,8]},"f":{"1":8,"2":0,"3":8,"4":1,"5":8,"6":1,"7":8,"8":1,"9":8,"10":1,"11":8,"12":1,"13":8,"14":1,"15":8,"16":1,"17":8},"fnMap":{"1":{"name":"(anonymous_1)","line":5,"loc":{"start":{"line":5,"column":15},"end":{"line":5,"column":23}}},"2":{"name":"(anonymous_2)","line":16,"loc":{"start":{"line":16,"column":10},"end":{"line":16,"column":13}}},"3":{"name":"(anonymous_3)","line":20,"loc":{"start":{"line":20,"column":10},"end":{"line":20,"column":18}}},"4":{"name":"(anonymous_4)","line":24,"loc":{"start":{"line":24,"column":13},"end":{"line":24,"column":16}}},"5":{"name":"(anonymous_5)","line":28,"loc":{"start":{"line":28,"column":13},"end":{"line":28,"column":21}}},"6":{"name":"(anonymous_6)","line":36,"loc":{"start":{"line":36,"column":17},"end":{"line":36,"column":20}}},"7":{"name":"(anonymous_7)","line":40,"loc":{"start":{"line":40,"column":17},"end":{"line":40,"column":25}}},"8":{"name":"(anonymous_8)","line":49,"loc":{"start":{"line":49,"column":17},"end":{"line":49,"column":20}}},"9":{"name":"(anonymous_9)","line":53,"loc":{"start":{"line":53,"column":17},"end":{"line":53,"column":25}}},"10":{"name":"(anonymous_10)","line":61,"loc":{"start":{"line":61,"column":14},"end":{"line":61,"column":17}}},"11":{"name":"(anonymous_11)","line":65,"loc":{"start":{"line":65,"column":14},"end":{"line":65,"column":22}}},"12":{"name":"(anonymous_12)","line":73,"loc":{"start":{"line":73,"column":14},"end":{"line":73,"column":17}}},"13":{"name":"(anonymous_13)","line":77,"loc":{"start":{"line":77,"column":14},"end":{"line":77,"column":22}}},"14":{"name":"(anonymous_14)","line":85,"loc":{"start":{"line":85,"column":13},"end":{"line":85,"column":16}}},"15":{"name":"(anonymous_15)","line":89,"loc":{"start":{"line":89,"column":13},"end":{"line":89,"column":21}}},"16":{"name":"(anonymous_16)","line":96,"loc":{"start":{"line":96,"column":17},"end":{"line":96,"column":20}}},"17":{"name":"(anonymous_17)","line":100,"loc":{"start":{"line":100,"column":17},"end":{"line":100,"column":23}}}},"statementMap":{"1":{"start":{"line":1,"column":0},"end":{"line":1,"column":59}},"2":{"start":{"line":2,"column":0},"end":{"line":2,"column":52}},"3":{"start":{"line":6,"column":8},"end":{"line":6,"column":28}},"4":{"start":{"line":7,"column":8},"end":{"line":7,"column":32}},"5":{"start":{"line":8,"column":8},"end":{"line":8,"column":40}},"6":{"start":{"line":9,"column":8},"end":{"line":9,"column":40}},"7":{"start":{"line":10,"column":8},"end":{"line":10,"column":34}},"8":{"start":{"line":11,"column":8},"end":{"line":11,"column":34}},"9":{"start":{"line":12,"column":8},"end":{"line":12,"column":42}},"10":{"start":{"line":13,"column":8},"end":{"line":13,"column":46}},"11":{"start":{"line":17,"column":8},"end":{"line":17,"column":24}},"12":{"start":{"line":21,"column":8},"end":{"line":21,"column":25}},"13":{"start":{"line":25,"column":8},"end":{"line":25,"column":25}},"14":{"start":{"line":29,"column":8},"end":{"line":29,"column":39}},"15":{"start":{"line":30,"column":8},"end":{"line":30,"column":61}},"16":{"start":{"line":31,"column":8},"end":{"line":31,"column":60}},"17":{"start":{"line":32,"column":8},"end":{"line":32,"column":57}},"18":{"start":{"line":33,"column":8},"end":{"line":33,"column":28}},"19":{"start":{"line":37,"column":8},"end":{"line":37,"column":29}},"20":{"start":{"line":41,"column":8},"end":{"line":41,"column":43}},"21":{"start":{"line":42,"column":8},"end":{"line":42,"column":69}},"22":{"start":{"line":43,"column":8},"end":{"line":43,"column":48}},"23":{"start":{"line":44,"column":8},"end":{"line":44,"column":65}},"24":{"start":{"line":45,"column":8},"end":{"line":45,"column":36}},"25":{"start":{"line":50,"column":8},"end":{"line":50,"column":29}},"26":{"start":{"line":54,"column":8},"end":{"line":54,"column":43}},"27":{"start":{"line":55,"column":8},"end":{"line":55,"column":69}},"28":{"start":{"line":56,"column":8},"end":{"line":56,"column":48}},"29":{"start":{"line":57,"column":8},"end":{"line":57,"column":65}},"30":{"start":{"line":58,"column":8},"end":{"line":58,"column":36}},"31":{"start":{"line":62,"column":8},"end":{"line":62,"column":26}},"32":{"start":{"line":66,"column":8},"end":{"line":66,"column":40}},"33":{"start":{"line":67,"column":8},"end":{"line":67,"column":63}},"34":{"start":{"line":68,"column":8},"end":{"line":68,"column":42}},"35":{"start":{"line":69,"column":8},"end":{"line":69,"column":59}},"36":{"start":{"line":70,"column":8},"end":{"line":70,"column":30}},"37":{"start":{"line":74,"column":8},"end":{"line":74,"column":26}},"38":{"start":{"line":78,"column":8},"end":{"line":78,"column":40}},"39":{"start":{"line":79,"column":8},"end":{"line":79,"column":63}},"40":{"start":{"line":80,"column":8},"end":{"line":80,"column":42}},"41":{"start":{"line":81,"column":8},"end":{"line":81,"column":59}},"42":{"start":{"line":82,"column":8},"end":{"line":82,"column":30}},"43":{"start":{"line":86,"column":8},"end":{"line":86,"column":25}},"44":{"start":{"line":90,"column":8},"end":{"line":92,"column":9}},"45":{"start":{"line":91,"column":12},"end":{"line":91,"column":44}},"46":{"start":{"line":93,"column":8},"end":{"line":93,"column":26}},"47":{"start":{"line":97,"column":8},"end":{"line":97,"column":29}},"48":{"start":{"line":102,"column":8},"end":{"line":102,"column":28}},"49":{"start":{"line":107,"column":0},"end":{"line":109,"column":2}},"50":{"start":{"line":108,"column":4},"end":{"line":108,"column":27}},"51":{"start":{"line":111,"column":0},"end":{"line":111,"column":36}}},"branchMap":{"1":{"line":12,"type":"binary-expr","locations":[{"start":{"line":12,"column":21},"end":{"line":12,"column":31}},{"start":{"line":12,"column":35},"end":{"line":12,"column":41}}]},"2":{"line":13,"type":"binary-expr","locations":[{"start":{"line":13,"column":25},"end":{"line":13,"column":39}},{"start":{"line":13,"column":43},"end":{"line":13,"column":45}}]},"3":{"line":90,"type":"if","locations":[{"start":{"line":90,"column":8},"end":{"line":90,"column":8}},{"start":{"line":90,"column":8},"end":{"line":90,"column":8}}]},"4":{"line":90,"type":"binary-expr","locations":[{"start":{"line":90,"column":12},"end":{"line":90,"column":37}},{"start":{"line":90,"column":41},"end":{"line":90,"column":77}}]}}},"C:\\Users\\Zach\\Dropbox\\Project\\Teamwork\\CarRentals\\data\\models.data\\users.hash.generator.js":{"path":"C:\\Users\\Zach\\Dropbox\\Project\\Teamwork\\CarRentals\\data\\models.data\\users.hash.generator.js","s":{"1":1,"2":1,"3":2,"4":2,"5":2,"6":2,"7":2,"8":2,"9":1},"b":{"1":[2,0]},"f":{},"fnMap":{},"statementMap":{"1":{"start":{"line":1,"column":0},"end":{"line":1,"column":33}},"2":{"start":{"line":3,"column":0},"end":{"line":15,"column":2}},"3":{"start":{"line":4,"column":4},"end":{"line":14,"column":11}},"4":{"start":{"line":6,"column":12},"end":{"line":6,"column":37}},"5":{"start":{"line":7,"column":12},"end":{"line":7,"column":37}},"6":{"start":{"line":9,"column":12},"end":{"line":11,"column":13}},"7":{"start":{"line":10,"column":16},"end":{"line":10,"column":51}},"8":{"start":{"line":13,"column":12},"end":{"line":13,"column":45}},"9":{"start":{"line":17,"column":0},"end":{"line":17,"column":30}}},"branchMap":{"1":{"line":9,"type":"if","locations":[{"start":{"line":9,"column":12},"end":{"line":9,"column":12}},{"start":{"line":9,"column":12},"end":{"line":9,"column":12}}]}}}}