{"C:\\Users\\test\\Dropbox\\Project\\Teamwork\\CarRentals\\data\\base\\base.data.js":{"path":"C:\\Users\\test\\Dropbox\\Project\\Teamwork\\CarRentals\\data\\base\\base.data.js","s":{"1":1,"2":6,"3":6,"4":6,"5":6,"6":1,"7":1,"8":1,"9":1,"10":1,"11":1,"12":6,"13":1},"b":{},"f":{"1":6,"2":1,"3":1,"4":1,"5":1,"6":1,"7":6},"fnMap":{"1":{"name":"(anonymous_1)","line":4,"loc":{"start":{"line":4,"column":15},"end":{"line":4,"column":32}}},"2":{"name":"(anonymous_2)","line":12,"loc":{"start":{"line":12,"column":12},"end":{"line":12,"column":20}}},"3":{"name":"(anonymous_3)","line":17,"loc":{"start":{"line":17,"column":10},"end":{"line":17,"column":13}}},"4":{"name":"(anonymous_4)","line":22,"loc":{"start":{"line":22,"column":10},"end":{"line":22,"column":18}}},"5":{"name":"(anonymous_5)","line":32,"loc":{"start":{"line":32,"column":12},"end":{"line":32,"column":17}}},"6":{"name":"(anonymous_6)","line":53,"loc":{"start":{"line":53,"column":14},"end":{"line":53,"column":22}}},"7":{"name":"(anonymous_7)","line":68,"loc":{"start":{"line":68,"column":22},"end":{"line":68,"column":25}}}},"statementMap":{"1":{"start":{"line":1,"column":0},"end":{"line":1,"column":40}},"2":{"start":{"line":5,"column":8},"end":{"line":5,"column":21}},"3":{"start":{"line":6,"column":8},"end":{"line":6,"column":37}},"4":{"start":{"line":8,"column":8},"end":{"line":8,"column":56}},"5":{"start":{"line":9,"column":8},"end":{"line":9,"column":66}},"6":{"start":{"line":13,"column":8},"end":{"line":14,"column":23}},"7":{"start":{"line":18,"column":8},"end":{"line":19,"column":23}},"8":{"start":{"line":26,"column":8},"end":{"line":29,"column":15}},"9":{"start":{"line":28,"column":16},"end":{"line":28,"column":29}},"10":{"start":{"line":33,"column":8},"end":{"line":35,"column":11}},"11":{"start":{"line":54,"column":8},"end":{"line":56,"column":18}},"12":{"start":{"line":69,"column":8},"end":{"line":69,"column":56}},"13":{"start":{"line":73,"column":0},"end":{"line":73,"column":33}}},"branchMap":{}},"C:\\Users\\test\\Dropbox\\Project\\Teamwork\\CarRentals\\data\\models.data\\reviews.data.js":{"path":"C:\\Users\\test\\Dropbox\\Project\\Teamwork\\CarRentals\\data\\models.data\\reviews.data.js","s":{"1":1,"2":1,"3":1,"4":1,"5":1,"6":1,"7":1,"8":0,"9":0,"10":1},"b":{},"f":{"1":1,"2":1},"fnMap":{"1":{"name":"(anonymous_1)","line":5,"loc":{"start":{"line":5,"column":15},"end":{"line":5,"column":20}}},"2":{"name":"(anonymous_2)","line":9,"loc":{"start":{"line":9,"column":10},"end":{"line":9,"column":25}}}},"statementMap":{"1":{"start":{"line":1,"column":0},"end":{"line":1,"column":46}},"2":{"start":{"line":2,"column":0},"end":{"line":2,"column":52}},"3":{"start":{"line":6,"column":8},"end":{"line":6,"column":26}},"4":{"start":{"line":11,"column":8},"end":{"line":11,"column":24}},"5":{"start":{"line":13,"column":8},"end":{"line":17,"column":9}},"6":{"start":{"line":14,"column":12},"end":{"line":14,"column":51}},"7":{"start":{"line":16,"column":12},"end":{"line":16,"column":41}},"8":{"start":{"line":19,"column":8},"end":{"line":22,"column":15}},"9":{"start":{"line":21,"column":16},"end":{"line":21,"column":35}},"10":{"start":{"line":26,"column":0},"end":{"line":26,"column":29}}},"branchMap":{}},"C:\\Users\\test\\Dropbox\\Project\\Teamwork\\CarRentals\\models\\review.model.js":{"path":"C:\\Users\\test\\Dropbox\\Project\\Teamwork\\CarRentals\\models\\review.model.js","s":{"1":1,"2":1,"3":1,"4":1,"5":0,"6":0,"7":0,"8":0,"9":1,"10":1,"11":0,"12":0,"13":0,"14":0,"15":0,"16":0,"17":0,"18":0,"19":0,"20":0,"21":0,"22":0,"23":1},"b":{"1":[0,0],"2":[0,0],"3":[0,0],"4":[0,0,0]},"f":{"1":1,"2":0,"3":0,"4":1,"5":0,"6":0,"7":0,"8":0},"fnMap":{"1":{"name":"(anonymous_1)","line":6,"loc":{"start":{"line":6,"column":15},"end":{"line":6,"column":29}}},"2":{"name":"(anonymous_2)","line":12,"loc":{"start":{"line":12,"column":10},"end":{"line":12,"column":13}}},"3":{"name":"(anonymous_3)","line":16,"loc":{"start":{"line":16,"column":15},"end":{"line":16,"column":18}}},"4":{"name":"(anonymous_4)","line":20,"loc":{"start":{"line":20,"column":15},"end":{"line":20,"column":23}}},"5":{"name":"(anonymous_5)","line":29,"loc":{"start":{"line":29,"column":16},"end":{"line":29,"column":19}}},"6":{"name":"(anonymous_6)","line":33,"loc":{"start":{"line":33,"column":16},"end":{"line":33,"column":24}}},"7":{"name":"(anonymous_7)","line":42,"loc":{"start":{"line":42,"column":15},"end":{"line":42,"column":18}}},"8":{"name":"(anonymous_8)","line":46,"loc":{"start":{"line":46,"column":15},"end":{"line":46,"column":23}}}},"statementMap":{"1":{"start":{"line":1,"column":0},"end":{"line":1,"column":48}},"2":{"start":{"line":2,"column":0},"end":{"line":2,"column":48}},"3":{"start":{"line":3,"column":0},"end":{"line":3,"column":59}},"4":{"start":{"line":7,"column":8},"end":{"line":7,"column":37}},"5":{"start":{"line":8,"column":8},"end":{"line":8,"column":37}},"6":{"start":{"line":9,"column":8},"end":{"line":9,"column":36}},"7":{"start":{"line":13,"column":8},"end":{"line":13,"column":24}},"8":{"start":{"line":17,"column":8},"end":{"line":17,"column":27}},"9":{"start":{"line":21,"column":8},"end":{"line":21,"column":36}},"10":{"start":{"line":22,"column":8},"end":{"line":26,"column":9}},"11":{"start":{"line":23,"column":12},"end":{"line":23,"column":31}},"12":{"start":{"line":25,"column":12},"end":{"line":25,"column":46}},"13":{"start":{"line":30,"column":8},"end":{"line":30,"column":28}},"14":{"start":{"line":34,"column":8},"end":{"line":34,"column":36}},"15":{"start":{"line":35,"column":8},"end":{"line":39,"column":9}},"16":{"start":{"line":36,"column":12},"end":{"line":36,"column":32}},"17":{"start":{"line":38,"column":12},"end":{"line":38,"column":47}},"18":{"start":{"line":43,"column":8},"end":{"line":43,"column":27}},"19":{"start":{"line":47,"column":8},"end":{"line":47,"column":43}},"20":{"start":{"line":48,"column":8},"end":{"line":50,"column":9}},"21":{"start":{"line":49,"column":12},"end":{"line":49,"column":46}},"22":{"start":{"line":51,"column":8},"end":{"line":51,"column":29}},"23":{"start":{"line":55,"column":0},"end":{"line":55,"column":24}}},"branchMap":{"1":{"line":22,"type":"if","locations":[{"start":{"line":22,"column":8},"end":{"line":22,"column":8}},{"start":{"line":22,"column":8},"end":{"line":22,"column":8}}]},"2":{"line":35,"type":"if","locations":[{"start":{"line":35,"column":8},"end":{"line":35,"column":8}},{"start":{"line":35,"column":8},"end":{"line":35,"column":8}}]},"3":{"line":48,"type":"if","locations":[{"start":{"line":48,"column":8},"end":{"line":48,"column":8}},{"start":{"line":48,"column":8},"end":{"line":48,"column":8}}]},"4":{"line":48,"type":"binary-expr","locations":[{"start":{"line":48,"column":12},"end":{"line":48,"column":38}},{"start":{"line":48,"column":43},"end":{"line":48,"column":53}},{"start":{"line":48,"column":57},"end":{"line":48,"column":67}}]}}},"C:\\Users\\test\\Dropbox\\Project\\Teamwork\\CarRentals\\utils\\index.js":{"path":"C:\\Users\\test\\Dropbox\\Project\\Teamwork\\CarRentals\\utils\\index.js","s":{"1":1,"2":1,"3":1,"4":1},"b":{},"f":{},"fnMap":{},"statementMap":{"1":{"start":{"line":1,"column":0},"end":{"line":1,"column":41}},"2":{"start":{"line":2,"column":0},"end":{"line":2,"column":41}},"3":{"start":{"line":3,"column":0},"end":{"line":3,"column":32}},"4":{"start":{"line":4,"column":0},"end":{"line":4,"column":46}}},"branchMap":{}},"C:\\Users\\test\\Dropbox\\Project\\Teamwork\\CarRentals\\utils\\constants.js":{"path":"C:\\Users\\test\\Dropbox\\Project\\Teamwork\\CarRentals\\utils\\constants.js","s":{"1":1,"2":1,"3":1},"b":{},"f":{},"fnMap":{},"statementMap":{"1":{"start":{"line":1,"column":0},"end":{"line":10,"column":2}},"2":{"start":{"line":12,"column":0},"end":{"line":28,"column":2}},"3":{"start":{"line":30,"column":0},"end":{"line":30,"column":41}}},"branchMap":{}},"C:\\Users\\test\\Dropbox\\Project\\Teamwork\\CarRentals\\utils\\validator.js":{"path":"C:\\Users\\test\\Dropbox\\Project\\Teamwork\\CarRentals\\utils\\validator.js","s":{"1":1,"2":1,"3":1,"4":0,"5":0,"6":0,"7":0,"8":0,"9":0,"10":1,"11":0,"12":0,"13":0,"14":0,"15":0,"16":0,"17":1,"18":0,"19":0,"20":0,"21":0,"22":0,"23":0,"24":1,"25":0,"26":0,"27":0,"28":0,"29":0,"30":0,"31":1,"32":0,"33":0,"34":0,"35":0,"36":0,"37":0,"38":1,"39":0,"40":0,"41":0,"42":0,"43":1},"b":{"1":[1,0],"2":[1,0,0],"3":[0,0],"4":[0,0],"5":[0,0],"6":[0,0],"7":[0,0],"8":[0,0],"9":[0,0],"10":[0,0],"11":[0,0],"12":[0,0],"13":[0,0],"14":[0,0],"15":[0,0],"16":[0,0],"17":[0,0],"18":[0,0]},"f":{"1":1,"2":0,"3":0,"4":0,"5":0,"6":0},"fnMap":{"1":{"name":"validateString","line":1,"loc":{"start":{"line":1,"column":0},"end":{"line":1,"column":46}}},"2":{"name":"validateEmail","line":19,"loc":{"start":{"line":19,"column":0},"end":{"line":19,"column":30}}},"3":{"name":"validateImageExtension","line":34,"loc":{"start":{"line":34,"column":0},"end":{"line":34,"column":39}}},"4":{"name":"validateUrl","line":48,"loc":{"start":{"line":48,"column":0},"end":{"line":48,"column":26}}},"5":{"name":"validatePhone","line":62,"loc":{"start":{"line":62,"column":0},"end":{"line":62,"column":30}}},"6":{"name":"validatePassword","line":76,"loc":{"start":{"line":76,"column":0},"end":{"line":76,"column":36}}}},"statementMap":{"1":{"start":{"line":1,"column":0},"end":{"line":17,"column":1}},"2":{"start":{"line":2,"column":4},"end":{"line":4,"column":5}},"3":{"start":{"line":3,"column":8},"end":{"line":3,"column":82}},"4":{"start":{"line":7,"column":4},"end":{"line":14,"column":5}},"5":{"start":{"line":8,"column":8},"end":{"line":8,"column":28}},"6":{"start":{"line":9,"column":8},"end":{"line":13,"column":9}},"7":{"start":{"line":10,"column":16},"end":{"line":10,"column":47}},"8":{"start":{"line":12,"column":12},"end":{"line":12,"column":71}},"9":{"start":{"line":16,"column":4},"end":{"line":16,"column":16}},"10":{"start":{"line":19,"column":0},"end":{"line":32,"column":1}},"11":{"start":{"line":20,"column":4},"end":{"line":22,"column":5}},"12":{"start":{"line":21,"column":8},"end":{"line":21,"column":64}},"13":{"start":{"line":25,"column":4},"end":{"line":25,"column":173}},"14":{"start":{"line":27,"column":4},"end":{"line":29,"column":5}},"15":{"start":{"line":28,"column":8},"end":{"line":28,"column":74}},"16":{"start":{"line":31,"column":4},"end":{"line":31,"column":16}},"17":{"start":{"line":34,"column":0},"end":{"line":46,"column":1}},"18":{"start":{"line":35,"column":4},"end":{"line":37,"column":5}},"19":{"start":{"line":36,"column":8},"end":{"line":36,"column":70}},"20":{"start":{"line":39,"column":4},"end":{"line":39,"column":45}},"21":{"start":{"line":41,"column":4},"end":{"line":43,"column":5}},"22":{"start":{"line":42,"column":8},"end":{"line":42,"column":85}},"23":{"start":{"line":45,"column":4},"end":{"line":45,"column":16}},"24":{"start":{"line":48,"column":0},"end":{"line":60,"column":1}},"25":{"start":{"line":49,"column":4},"end":{"line":51,"column":5}},"26":{"start":{"line":50,"column":8},"end":{"line":50,"column":39}},"27":{"start":{"line":53,"column":4},"end":{"line":53,"column":184}},"28":{"start":{"line":55,"column":4},"end":{"line":57,"column":5}},"29":{"start":{"line":56,"column":8},"end":{"line":56,"column":39}},"30":{"start":{"line":59,"column":4},"end":{"line":59,"column":16}},"31":{"start":{"line":62,"column":0},"end":{"line":74,"column":1}},"32":{"start":{"line":63,"column":4},"end":{"line":65,"column":5}},"33":{"start":{"line":64,"column":8},"end":{"line":64,"column":41}},"34":{"start":{"line":67,"column":4},"end":{"line":67,"column":42}},"35":{"start":{"line":69,"column":4},"end":{"line":71,"column":5}},"36":{"start":{"line":70,"column":8},"end":{"line":70,"column":41}},"37":{"start":{"line":73,"column":4},"end":{"line":73,"column":16}},"38":{"start":{"line":76,"column":0},"end":{"line":83,"column":1}},"39":{"start":{"line":77,"column":4},"end":{"line":80,"column":5}},"40":{"start":{"line":78,"column":8},"end":{"line":78,"column":70}},"41":{"start":{"line":79,"column":8},"end":{"line":79,"column":33}},"42":{"start":{"line":82,"column":4},"end":{"line":82,"column":16}},"43":{"start":{"line":85,"column":0},"end":{"line":92,"column":2}}},"branchMap":{"1":{"line":2,"type":"if","locations":[{"start":{"line":2,"column":4},"end":{"line":2,"column":4}},{"start":{"line":2,"column":4},"end":{"line":2,"column":4}}]},"2":{"line":2,"type":"binary-expr","locations":[{"start":{"line":2,"column":8},"end":{"line":2,"column":31}},{"start":{"line":2,"column":35},"end":{"line":2,"column":51}},{"start":{"line":2,"column":55},"end":{"line":2,"column":71}}]},"3":{"line":7,"type":"if","locations":[{"start":{"line":7,"column":4},"end":{"line":7,"column":4}},{"start":{"line":7,"column":4},"end":{"line":7,"column":4}}]},"4":{"line":9,"type":"if","locations":[{"start":{"line":9,"column":8},"end":{"line":9,"column":8}},{"start":{"line":9,"column":8},"end":{"line":9,"column":8}}]},"5":{"line":20,"type":"if","locations":[{"start":{"line":20,"column":4},"end":{"line":20,"column":4}},{"start":{"line":20,"column":4},"end":{"line":20,"column":4}}]},"6":{"line":20,"type":"binary-expr","locations":[{"start":{"line":20,"column":8},"end":{"line":20,"column":14}},{"start":{"line":20,"column":18},"end":{"line":20,"column":36}}]},"7":{"line":27,"type":"if","locations":[{"start":{"line":27,"column":4},"end":{"line":27,"column":4}},{"start":{"line":27,"column":4},"end":{"line":27,"column":4}}]},"8":{"line":35,"type":"if","locations":[{"start":{"line":35,"column":4},"end":{"line":35,"column":4}},{"start":{"line":35,"column":4},"end":{"line":35,"column":4}}]},"9":{"line":35,"type":"binary-expr","locations":[{"start":{"line":35,"column":8},"end":{"line":35,"column":14}},{"start":{"line":35,"column":18},"end":{"line":35,"column":36}}]},"10":{"line":41,"type":"if","locations":[{"start":{"line":41,"column":4},"end":{"line":41,"column":4}},{"start":{"line":41,"column":4},"end":{"line":41,"column":4}}]},"11":{"line":49,"type":"if","locations":[{"start":{"line":49,"column":4},"end":{"line":49,"column":4}},{"start":{"line":49,"column":4},"end":{"line":49,"column":4}}]},"12":{"line":49,"type":"binary-expr","locations":[{"start":{"line":49,"column":8},"end":{"line":49,"column":12}},{"start":{"line":49,"column":16},"end":{"line":49,"column":32}}]},"13":{"line":55,"type":"if","locations":[{"start":{"line":55,"column":4},"end":{"line":55,"column":4}},{"start":{"line":55,"column":4},"end":{"line":55,"column":4}}]},"14":{"line":63,"type":"if","locations":[{"start":{"line":63,"column":4},"end":{"line":63,"column":4}},{"start":{"line":63,"column":4},"end":{"line":63,"column":4}}]},"15":{"line":63,"type":"binary-expr","locations":[{"start":{"line":63,"column":8},"end":{"line":63,"column":14}},{"start":{"line":63,"column":18},"end":{"line":63,"column":36}}]},"16":{"line":69,"type":"if","locations":[{"start":{"line":69,"column":4},"end":{"line":69,"column":4}},{"start":{"line":69,"column":4},"end":{"line":69,"column":4}}]},"17":{"line":77,"type":"if","locations":[{"start":{"line":77,"column":4},"end":{"line":77,"column":4}},{"start":{"line":77,"column":4},"end":{"line":77,"column":4}}]},"18":{"line":77,"type":"binary-expr","locations":[{"start":{"line":77,"column":8},"end":{"line":77,"column":36}},{"start":{"line":77,"column":40},"end":{"line":77,"column":61}}]}}},"C:\\Users\\test\\Dropbox\\Project\\Teamwork\\CarRentals\\utils\\toAwait.js":{"path":"C:\\Users\\test\\Dropbox\\Project\\Teamwork\\CarRentals\\utils\\toAwait.js","s":{"1":1,"2":0,"3":0,"4":0},"b":{},"f":{},"fnMap":{},"statementMap":{"1":{"start":{"line":3,"column":0},"end":{"line":11,"column":2}},"2":{"start":{"line":4,"column":4},"end":{"line":10,"column":11}},"3":{"start":{"line":6,"column":12},"end":{"line":6,"column":39}},"4":{"start":{"line":9,"column":12},"end":{"line":9,"column":27}}},"branchMap":{}},"C:\\Users\\test\\Dropbox\\Project\\Teamwork\\CarRentals\\utils\\inputConverter.js":{"path":"C:\\Users\\test\\Dropbox\\Project\\Teamwork\\CarRentals\\utils\\inputConverter.js","s":{"1":1,"2":1,"3":1,"4":0,"5":1},"b":{"1":[1,0]},"f":{},"fnMap":{},"statementMap":{"1":{"start":{"line":1,"column":0},"end":{"line":15,"column":2}},"2":{"start":{"line":2,"column":4},"end":{"line":5,"column":5}},"3":{"start":{"line":4,"column":8},"end":{"line":4,"column":22}},"4":{"start":{"line":7,"column":4},"end":{"line":14,"column":34}},"5":{"start":{"line":17,"column":0},"end":{"line":17,"column":29}}},"branchMap":{"1":{"line":2,"type":"if","locations":[{"start":{"line":2,"column":4},"end":{"line":2,"column":4}},{"start":{"line":2,"column":4},"end":{"line":2,"column":4}}]}}}}