TN:
SF:C:\Users\test\Dropbox\Project\Teamwork\CarRentals\data\base\base.data.js
FN:4,(anonymous_1)
FN:12,(anonymous_2)
FN:17,(anonymous_3)
FN:22,(anonymous_4)
FN:32,(anonymous_5)
FN:53,(anonymous_6)
FN:59,(anonymous_7)
FN:68,(anonymous_8)
FNF:8
FNH:4
FNDA:2,(anonymous_1)
FNDA:1,(anonymous_2)
FNDA:1,(anonymous_3)
FNDA:0,(anonymous_4)
FNDA:0,(anonymous_5)
FNDA:0,(anonymous_6)
FNDA:0,(anonymous_7)
FNDA:2,(anonymous_8)
DA:1,1
DA:5,2
DA:6,2
DA:8,2
DA:9,2
DA:13,1
DA:18,1
DA:23,0
DA:24,0
DA:26,0
DA:28,0
DA:33,0
DA:54,0
DA:60,0
DA:62,0
DA:65,0
DA:69,2
DA:73,1
LF:18
LH:9
BRDA:23,1,0,0
BRDA:23,1,1,0
BRDA:60,2,0,0
BRDA:60,2,1,0
BRDA:60,3,0,0
BRDA:60,3,1,0
BRF:6
BRH:0
end_of_record
