TN:
SF:C:\Users\Zach\Dropbox\Project\Teamwork\CarRentals\app\routers\admin.router\controller.js
FN:2,(anonymous_1)
FN:6,(anonymous_2)
FN:17,(anonymous_3)
FN:27,(anonymous_4)
FN:37,(anonymous_5)
FN:47,(anonymous_6)
FN:57,(anonymous_7)
FN:72,(anonymous_8)
FNF:8
FNH:7
FNDA:7,(anonymous_1)
FNDA:1,(anonymous_2)
FNDA:1,(anonymous_3)
FNDA:0,(anonymous_4)
FNDA:1,(anonymous_5)
FNDA:1,(anonymous_6)
FNDA:2,(anonymous_7)
FNDA:2,(anonymous_8)
DA:3,7
DA:7,1
DA:9,1
DA:18,1
DA:20,1
DA:28,0
DA:30,0
DA:38,1
DA:40,1
DA:48,1
DA:50,1
DA:58,2
DA:59,2
DA:61,2
DA:64,1
DA:67,1
DA:68,1
DA:73,2
DA:75,2
DA:76,2
DA:77,2
DA:78,2
DA:79,2
DA:81,2
DA:86,1
DA:87,7
DA:90,1
LF:27
LH:25
BRF:0
BRH:0
end_of_record
TN:
SF:C:\Users\Zach\Dropbox\Project\Teamwork\CarRentals\app\routers\api.router\controller.js
FN:5,(anonymous_1)
FN:10,(anonymous_2)
FN:19,(anonymous_3)
FN:28,(anonymous_4)
FN:45,(anonymous_5)
FN:54,(anonymous_6)
FN:63,(anonymous_7)
FN:73,(anonymous_8)
FN:91,(anonymous_9)
FNF:9
FNH:9
FNDA:8,(anonymous_1)
FNDA:1,(anonymous_2)
FNDA:1,(anonymous_3)
FNDA:1,(anonymous_4)
FNDA:1,(anonymous_5)
FNDA:1,(anonymous_6)
FNDA:1,(anonymous_7)
FNDA:1,(anonymous_8)
FNDA:1,(anonymous_9)
DA:1,1
DA:2,1
DA:6,8
DA:7,8
DA:11,1
DA:13,1
DA:20,1
DA:22,1
DA:29,1
DA:30,1
DA:32,1
DA:34,1
DA:35,1
DA:39,1
DA:46,1
DA:48,1
DA:55,1
DA:57,1
DA:64,1
DA:65,1
DA:67,1
DA:74,1
DA:76,1
DA:77,1
DA:78,1
DA:79,0
DA:82,1
DA:85,1
DA:92,1
DA:93,1
DA:94,1
DA:96,1
DA:98,1
DA:99,0
DA:102,1
DA:103,0
DA:106,1
DA:107,1
DA:112,1
DA:119,0
DA:124,1
DA:125,8
DA:128,1
LF:43
LH:39
BRDA:78,1,0,0
BRDA:78,1,1,1
BRDA:98,2,0,0
BRDA:98,2,1,1
BRDA:102,3,0,0
BRDA:102,3,1,1
BRDA:106,4,0,1
BRDA:106,4,1,0
BRF:8
BRH:4
end_of_record
TN:
SF:C:\Users\Zach\Dropbox\Project\Teamwork\CarRentals\app\routers\bookings.router\controller.js
FN:6,(anonymous_1)
FN:10,(anonymous_2)
FN:21,(anonymous_3)
FN:46,(anonymous_4)
FN:65,(anonymous_5)
FN:114,(anonymous_6)
FN:168,(anonymous_7)
FN:213,(anonymous_8)
FNF:8
FNH:8
FNDA:18,(anonymous_1)
FNDA:1,(anonymous_2)
FNDA:3,(anonymous_3)
FNDA:1,(anonymous_4)
FNDA:4,(anonymous_5)
FNDA:4,(anonymous_6)
FNDA:8,(anonymous_7)
FNDA:2,(anonymous_8)
DA:1,1
DA:2,1
DA:3,1
DA:7,18
DA:11,1
DA:12,1
DA:14,1
DA:22,3
DA:23,3
DA:24,3
DA:25,3
DA:28,3
DA:30,1
DA:31,0
DA:33,1
DA:34,1
DA:41,2
DA:42,2
DA:47,1
DA:48,1
DA:49,1
DA:50,1
DA:52,1
DA:54,1
DA:66,4
DA:67,4
DA:68,4
DA:69,4
DA:71,4
DA:73,2
DA:78,2
DA:84,2
DA:86,0
DA:89,2
DA:91,2
DA:94,0
DA:98,2
DA:101,2
DA:104,2
DA:105,2
DA:108,2
DA:109,2
DA:115,4
DA:116,4
DA:117,4
DA:118,4
DA:120,4
DA:121,4
DA:123,4
DA:125,2
DA:126,2
DA:133,2
DA:140,2
DA:142,2
DA:145,0
DA:148,2
DA:151,2
DA:154,2
DA:157,2
DA:158,2
DA:161,2
DA:162,2
DA:169,8
DA:170,8
DA:171,8
DA:173,8
DA:175,8
DA:176,1
DA:178,7
DA:179,1
DA:181,6
DA:182,1
DA:184,5
DA:185,1
DA:188,4
DA:189,3
DA:191,1
DA:192,1
DA:193,1
DA:195,1
DA:197,0
DA:201,1
DA:203,1
DA:204,1
DA:205,1
DA:207,1
DA:209,0
DA:214,2
DA:216,2
DA:225,2
DA:230,1
DA:231,18
DA:234,1
LF:93
LH:87
BRDA:25,1,0,0
BRDA:25,1,1,3
BRDA:30,2,0,0
BRDA:30,2,1,1
BRDA:73,3,0,2
BRDA:73,3,1,0
BRDA:126,4,0,2
BRDA:126,4,1,0
BRDA:175,5,0,1
BRDA:175,5,1,7
BRDA:175,6,0,8
BRDA:175,6,1,7
BRDA:178,7,0,1
BRDA:178,7,1,6
BRDA:178,8,0,7
BRDA:178,8,1,6
BRDA:181,9,0,1
BRDA:181,9,1,5
BRDA:184,10,0,1
BRDA:184,10,1,4
BRDA:188,11,0,3
BRDA:188,11,1,1
BRDA:191,12,0,1
BRDA:191,12,1,0
BRDA:203,13,0,1
BRDA:203,13,1,0
BRF:26
BRH:20
end_of_record
TN:
SF:C:\Users\Zach\Dropbox\Project\Teamwork\CarRentals\app\routers\utils\carHelpers.js
FN:2,(anonymous_1)
FN:16,(anonymous_2)
FN:29,(anonymous_3)
FN:43,(anonymous_4)
FN:70,(anonymous_5)
FNF:5
FNH:5
FNDA:4,(anonymous_1)
FNDA:2,(anonymous_2)
FNDA:4,(anonymous_3)
FNDA:4,(anonymous_4)
FNDA:2,(anonymous_5)
DA:3,4
DA:4,4
DA:6,4
DA:12,4
DA:13,4
DA:17,2
DA:19,2
DA:21,2
DA:23,2
DA:30,4
DA:31,4
DA:32,0
DA:35,4
DA:36,0
DA:39,4
DA:44,4
DA:46,4
DA:47,4
DA:49,4
DA:50,4
DA:51,4
DA:52,4
DA:53,4
DA:54,4
DA:56,4
DA:62,0
DA:66,4
DA:71,2
DA:73,2
DA:74,2
DA:75,2
DA:76,2
DA:78,2
DA:79,0
DA:80,0
DA:81,0
DA:82,0
DA:83,0
DA:85,0
DA:87,0
DA:90,0
DA:96,0
DA:100,2
DA:104,1
DA:105,9
DA:108,1
LF:46
LH:34
BRDA:31,1,0,0
BRDA:31,1,1,4
BRDA:31,2,0,4
BRDA:31,2,1,4
BRDA:31,2,2,4
BRDA:31,2,3,4
BRDA:35,3,0,0
BRDA:35,3,1,4
BRDA:35,4,0,4
BRDA:35,4,1,4
BRDA:39,5,0,4
BRDA:39,5,1,0
BRDA:39,5,2,4
BRDA:39,5,3,4
BRDA:46,6,0,2
BRDA:46,6,1,2
BRDA:47,7,0,2
BRDA:47,7,1,2
BRDA:49,8,0,4
BRDA:49,8,1,0
BRDA:56,9,0,0
BRDA:56,9,1,4
BRDA:78,10,0,0
BRDA:78,10,1,2
BRDA:85,11,0,0
BRDA:85,11,1,0
BRDA:85,12,0,0
BRDA:85,12,1,0
BRDA:90,13,0,0
BRDA:90,13,1,0
BRF:30
BRH:18
end_of_record
TN:
SF:C:\Users\Zach\Dropbox\Project\Teamwork\CarRentals\app\routers\utils\userHelpers.js
FN:2,(anonymous_1)
FN:14,(anonymous_2)
FNF:2
FNH:2
FNDA:2,(anonymous_1)
FNDA:4,(anonymous_2)
DA:3,2
DA:5,2
DA:7,2
DA:8,2
DA:11,2
DA:15,4
DA:16,0
DA:19,4
DA:20,4
DA:22,4
DA:27,4
DA:29,4
DA:30,4
DA:33,4
DA:34,0
DA:37,4
DA:48,4
DA:50,4
DA:52,4
DA:56,1
DA:57,1
DA:60,1
LF:22
LH:20
BRDA:7,1,0,2
BRDA:7,1,1,0
BRDA:15,2,0,0
BRDA:15,2,1,4
BRDA:29,3,0,4
BRDA:29,3,1,0
BRDA:33,4,0,0
BRDA:33,4,1,4
BRF:8
BRH:4
end_of_record
TN:
SF:C:\Users\Zach\Dropbox\Project\Teamwork\CarRentals\app\routers\comments.router\controller.js
FN:2,(anonymous_1)
FN:6,(anonymous_2)
FNF:2
FNH:2
FNDA:3,(anonymous_1)
FNDA:2,(anonymous_2)
DA:3,3
DA:7,2
DA:8,2
DA:9,2
DA:10,2
DA:12,1
DA:13,1
DA:16,1
DA:17,1
DA:22,1
DA:23,3
DA:26,1
LF:12
LH:12
BRF:0
BRH:0
end_of_record
TN:
SF:C:\Users\Zach\Dropbox\Project\Teamwork\CarRentals\app\routers\review.router\controller.js
FN:2,(anonymous_1)
FN:6,(anonymous_2)
FN:10,(anonymous_3)
FNF:3
FNH:2
FNDA:4,(anonymous_1)
FNDA:0,(anonymous_2)
FNDA:3,(anonymous_3)
DA:3,4
DA:7,0
DA:11,3
DA:12,3
DA:13,3
DA:15,2
DA:16,2
DA:19,1
DA:20,1
DA:25,1
DA:26,4
DA:29,1
LF:12
LH:11
BRF:0
BRH:0
end_of_record
TN:
SF:C:\Users\Zach\Dropbox\Project\Teamwork\CarRentals\data\base\base.data.js
FN:4,(anonymous_1)
FN:12,(anonymous_2)
FN:17,(anonymous_3)
FN:22,(anonymous_4)
FN:32,(anonymous_5)
FN:53,(anonymous_6)
FN:68,(anonymous_7)
FNF:7
FNH:7
FNDA:17,(anonymous_1)
FNDA:1,(anonymous_2)
FNDA:1,(anonymous_3)
FNDA:1,(anonymous_4)
FNDA:1,(anonymous_5)
FNDA:1,(anonymous_6)
FNDA:17,(anonymous_7)
DA:1,1
DA:5,17
DA:6,17
DA:8,17
DA:9,17
DA:13,1
DA:18,1
DA:26,1
DA:28,1
DA:33,1
DA:54,1
DA:69,17
DA:73,1
LF:13
LH:13
BRF:0
BRH:0
end_of_record
TN:
SF:C:\Users\Zach\Dropbox\Project\Teamwork\CarRentals\data\models.data\cars.data.js
FN:10,(anonymous_1)
FN:14,(anonymous_2)
FN:20,(anonymous_3)
FN:35,(anonymous_4)
FNF:4
FNH:4
FNDA:5,(anonymous_1)
FNDA:1,(anonymous_2)
FNDA:2,(anonymous_3)
FNDA:2,(anonymous_4)
DA:1,1
DA:2,1
DA:4,1
DA:6,1
DA:7,1
DA:11,5
DA:15,1
DA:21,2
DA:23,2
DA:24,2
DA:26,1
DA:29,1
DA:31,1
DA:36,2
DA:38,2
DA:39,2
DA:41,1
DA:44,1
DA:52,1
LF:19
LH:19
BRF:0
BRH:0
end_of_record
TN:
SF:C:\Users\Zach\Dropbox\Project\Teamwork\CarRentals\models\car.model.js
FN:5,(anonymous_1)
FN:24,(anonymous_2)
FN:28,(anonymous_3)
FN:32,(anonymous_4)
FN:40,(anonymous_5)
FN:44,(anonymous_6)
FN:52,(anonymous_7)
FN:56,(anonymous_8)
FN:64,(anonymous_9)
FN:68,(anonymous_10)
FN:79,(anonymous_11)
FN:83,(anonymous_12)
FN:94,(anonymous_13)
FN:98,(anonymous_14)
FN:109,(anonymous_15)
FN:113,(anonymous_16)
FN:121,(anonymous_17)
FN:125,(anonymous_18)
FN:133,(anonymous_19)
FN:137,(anonymous_20)
FN:148,(anonymous_21)
FN:152,(anonymous_22)
FN:163,(anonymous_23)
FN:167,(anonymous_24)
FN:182,(anonymous_25)
FN:186,(anonymous_26)
FN:198,(anonymous_27)
FN:202,(anonymous_28)
FN:214,(anonymous_29)
FN:218,(anonymous_30)
FNF:30
FNH:29
FNDA:6,(anonymous_1)
FNDA:0,(anonymous_2)
FNDA:1,(anonymous_3)
FNDA:6,(anonymous_4)
FNDA:1,(anonymous_5)
FNDA:6,(anonymous_6)
FNDA:1,(anonymous_7)
FNDA:6,(anonymous_8)
FNDA:1,(anonymous_9)
FNDA:6,(anonymous_10)
FNDA:1,(anonymous_11)
FNDA:6,(anonymous_12)
FNDA:1,(anonymous_13)
FNDA:6,(anonymous_14)
FNDA:1,(anonymous_15)
FNDA:6,(anonymous_16)
FNDA:1,(anonymous_17)
FNDA:6,(anonymous_18)
FNDA:1,(anonymous_19)
FNDA:6,(anonymous_20)
FNDA:1,(anonymous_21)
FNDA:6,(anonymous_22)
FNDA:1,(anonymous_23)
FNDA:6,(anonymous_24)
FNDA:1,(anonymous_25)
FNDA:6,(anonymous_26)
FNDA:1,(anonymous_27)
FNDA:6,(anonymous_28)
FNDA:1,(anonymous_29)
FNDA:6,(anonymous_30)
DA:1,1
DA:2,1
DA:6,6
DA:7,6
DA:8,6
DA:9,6
DA:10,6
DA:11,6
DA:12,6
DA:13,6
DA:14,6
DA:15,6
DA:16,6
DA:17,6
DA:18,6
DA:19,6
DA:20,6
DA:21,6
DA:25,0
DA:29,1
DA:33,6
DA:34,6
DA:35,6
DA:36,6
DA:37,6
DA:41,1
DA:45,6
DA:46,6
DA:47,6
DA:48,6
DA:49,6
DA:53,1
DA:57,6
DA:58,6
DA:59,6
DA:60,6
DA:61,6
DA:65,1
DA:69,6
DA:70,6
DA:71,6
DA:72,6
DA:73,6
DA:74,0
DA:76,6
DA:80,1
DA:84,6
DA:85,6
DA:86,6
DA:87,6
DA:88,6
DA:89,0
DA:91,6
DA:95,1
DA:99,6
DA:100,6
DA:101,6
DA:102,6
DA:103,6
DA:104,0
DA:106,6
DA:110,1
DA:114,6
DA:115,6
DA:116,6
DA:117,6
DA:118,6
DA:122,1
DA:126,6
DA:127,6
DA:128,6
DA:129,6
DA:130,6
DA:134,1
DA:138,6
DA:139,6
DA:140,6
DA:141,6
DA:142,6
DA:143,0
DA:145,6
DA:149,1
DA:153,6
DA:154,6
DA:155,6
DA:156,6
DA:157,6
DA:158,0
DA:160,6
DA:164,1
DA:168,6
DA:169,0
DA:172,6
DA:173,6
DA:174,6
DA:175,6
DA:176,0
DA:179,6
DA:183,1
DA:187,6
DA:188,6
DA:189,6
DA:190,6
DA:191,6
DA:192,0
DA:195,6
DA:199,1
DA:203,6
DA:204,6
DA:205,6
DA:206,6
DA:207,6
DA:208,0
DA:211,6
DA:215,1
DA:219,6
DA:220,0
DA:223,6
DA:224,6
DA:225,6
DA:226,6
DA:227,0
DA:230,6
DA:235,1
DA:236,0
DA:239,1
LF:126
LH:113
BRDA:73,1,0,0
BRDA:73,1,1,6
BRDA:73,2,0,6
BRDA:73,2,1,6
BRDA:88,3,0,0
BRDA:88,3,1,6
BRDA:88,4,0,6
BRDA:88,4,1,6
BRDA:103,5,0,0
BRDA:103,5,1,6
BRDA:103,6,0,6
BRDA:103,6,1,6
BRDA:142,7,0,0
BRDA:142,7,1,6
BRDA:142,8,0,6
BRDA:142,8,1,6
BRDA:157,9,0,0
BRDA:157,9,1,6
BRDA:157,10,0,6
BRDA:157,10,1,6
BRDA:168,11,0,0
BRDA:168,11,1,6
BRDA:175,12,0,0
BRDA:175,12,1,6
BRDA:175,13,0,6
BRDA:175,13,1,6
BRDA:191,14,0,0
BRDA:191,14,1,6
BRDA:191,15,0,6
BRDA:191,15,1,6
BRDA:207,16,0,0
BRDA:207,16,1,6
BRDA:207,17,0,6
BRDA:207,17,1,6
BRDA:219,18,0,0
BRDA:219,18,1,6
BRDA:226,19,0,0
BRDA:226,19,1,6
BRDA:226,20,0,6
BRDA:226,20,1,6
BRF:40
BRH:29
end_of_record
TN:
SF:C:\Users\Zach\Dropbox\Project\Teamwork\CarRentals\utils\validator.js
FNF:0
FNH:0
DA:1,1
DA:3,2
DA:4,1
DA:8,2
DA:9,1
DA:13,2
DA:14,1
DA:18,3
DA:19,1
DA:22,2
DA:24,2
DA:25,1
DA:29,3
DA:30,1
DA:33,2
DA:35,2
DA:36,1
DA:40,3
DA:41,2
DA:45,2
DA:46,2
DA:47,1
DA:51,2
DA:52,2
DA:53,1
DA:57,3
DA:58,3
DA:59,2
DA:63,3
DA:64,3
DA:65,2
DA:70,1
LF:32
LH:32
BRDA:3,1,0,1
BRDA:3,1,1,1
BRDA:8,2,0,1
BRDA:8,2,1,1
BRDA:13,3,0,1
BRDA:13,3,1,1
BRDA:18,4,0,1
BRDA:18,4,1,2
BRDA:18,5,0,3
BRDA:18,5,1,2
BRDA:24,6,0,1
BRDA:24,6,1,1
BRDA:29,7,0,1
BRDA:29,7,1,2
BRDA:29,8,0,3
BRDA:29,8,1,2
BRDA:35,9,0,1
BRDA:35,9,1,1
BRDA:40,10,0,2
BRDA:40,10,1,1
BRDA:40,11,0,3
BRDA:40,11,1,2
BRDA:46,12,0,1
BRDA:46,12,1,1
BRDA:52,13,0,1
BRDA:52,13,1,1
BRDA:58,14,0,2
BRDA:58,14,1,1
BRDA:64,15,0,2
BRDA:64,15,1,1
BRF:30
BRH:30
end_of_record
TN:
SF:C:\Users\Zach\Dropbox\Project\Teamwork\CarRentals\utils\inputConverter.js
FNF:0
FNH:0
DA:1,1
DA:2,98
DA:4,0
DA:7,98
DA:17,1
LF:5
LH:4
BRDA:2,1,0,0
BRDA:2,1,1,98
BRF:2
BRH:1
end_of_record
TN:
SF:C:\Users\Zach\Dropbox\Project\Teamwork\CarRentals\models\comment.model.js
FN:5,(anonymous_1)
FN:10,(anonymous_2)
FN:14,(anonymous_3)
FN:18,(anonymous_4)
FN:26,(anonymous_5)
FN:30,(anonymous_6)
FNF:6
FNH:5
FNDA:5,(anonymous_1)
FNDA:0,(anonymous_2)
FNDA:1,(anonymous_3)
FNDA:5,(anonymous_4)
FNDA:1,(anonymous_5)
FNDA:5,(anonymous_6)
DA:1,1
DA:2,1
DA:6,5
DA:7,5
DA:11,0
DA:15,1
DA:19,5
DA:20,5
DA:21,5
DA:22,5
DA:23,5
DA:27,1
DA:31,5
DA:32,5
DA:33,5
DA:34,5
DA:35,5
DA:39,1
DA:40,0
DA:43,1
LF:20
LH:18
BRF:0
BRH:0
end_of_record
TN:
SF:C:\Users\Zach\Dropbox\Project\Teamwork\CarRentals\data\models.data\reviews.data.js
FN:7,(anonymous_1)
FN:11,(anonymous_2)
FNF:2
FNH:2
FNDA:2,(anonymous_1)
FNDA:2,(anonymous_2)
DA:1,1
DA:3,1
DA:4,1
DA:8,2
DA:13,2
DA:15,2
DA:16,2
DA:18,1
DA:21,1
DA:23,1
DA:28,1
LF:11
LH:11
BRF:0
BRH:0
end_of_record
TN:
SF:C:\Users\Zach\Dropbox\Project\Teamwork\CarRentals\models\review.model.js
FN:5,(anonymous_1)
FN:11,(anonymous_2)
FN:15,(anonymous_3)
FN:19,(anonymous_4)
FN:27,(anonymous_5)
FN:31,(anonymous_6)
FN:39,(anonymous_7)
FN:43,(anonymous_8)
FNF:8
FNH:7
FNDA:6,(anonymous_1)
FNDA:0,(anonymous_2)
FNDA:1,(anonymous_3)
FNDA:6,(anonymous_4)
FNDA:1,(anonymous_5)
FNDA:6,(anonymous_6)
FNDA:1,(anonymous_7)
FNDA:6,(anonymous_8)
DA:1,1
DA:2,1
DA:6,6
DA:7,6
DA:8,6
DA:12,0
DA:16,1
DA:20,6
DA:21,6
DA:22,6
DA:23,6
DA:24,6
DA:28,1
DA:32,6
DA:33,6
DA:34,6
DA:35,6
DA:36,6
DA:40,1
DA:44,6
DA:45,6
DA:46,6
DA:47,6
DA:48,6
DA:49,0
DA:51,6
DA:55,1
DA:56,0
DA:59,1
LF:29
LH:26
BRDA:48,1,0,0
BRDA:48,1,1,6
BRDA:48,2,0,6
BRDA:48,2,1,6
BRF:4
BRH:3
end_of_record
TN:
SF:C:\Users\Zach\Dropbox\Project\Teamwork\CarRentals\data\models.data\users.data.js
FN:9,(anonymous_1)
FN:13,(anonymous_2)
FN:19,(anonymous_3)
FN:37,(anonymous_4)
FNF:4
FNH:4
FNDA:5,(anonymous_1)
FNDA:1,(anonymous_2)
FNDA:2,(anonymous_3)
FNDA:2,(anonymous_4)
DA:1,1
DA:2,1
DA:4,1
DA:6,1
DA:10,5
DA:14,1
DA:16,1
DA:20,2
DA:22,2
DA:23,2
DA:25,1
DA:28,1
DA:30,1
DA:33,1
DA:38,2
DA:40,2
DA:41,2
DA:43,1
DA:46,1
DA:48,1
DA:53,1
DA:58,1
LF:22
LH:22
BRF:0
BRH:0
end_of_record
TN:
SF:C:\Users\Zach\Dropbox\Project\Teamwork\CarRentals\models\user.model.js
FN:5,(anonymous_1)
FN:16,(anonymous_2)
FN:20,(anonymous_3)
FN:24,(anonymous_4)
FN:28,(anonymous_5)
FN:36,(anonymous_6)
FN:40,(anonymous_7)
FN:49,(anonymous_8)
FN:53,(anonymous_9)
FN:61,(anonymous_10)
FN:65,(anonymous_11)
FN:73,(anonymous_12)
FN:77,(anonymous_13)
FN:85,(anonymous_14)
FN:89,(anonymous_15)
FN:96,(anonymous_16)
FN:100,(anonymous_17)
FNF:17
FNH:16
FNDA:8,(anonymous_1)
FNDA:0,(anonymous_2)
FNDA:8,(anonymous_3)
FNDA:1,(anonymous_4)
FNDA:8,(anonymous_5)
FNDA:1,(anonymous_6)
FNDA:8,(anonymous_7)
FNDA:1,(anonymous_8)
FNDA:8,(anonymous_9)
FNDA:1,(anonymous_10)
FNDA:8,(anonymous_11)
FNDA:1,(anonymous_12)
FNDA:8,(anonymous_13)
FNDA:1,(anonymous_14)
FNDA:8,(anonymous_15)
FNDA:1,(anonymous_16)
FNDA:8,(anonymous_17)
DA:1,1
DA:2,1
DA:6,8
DA:7,8
DA:8,8
DA:9,8
DA:10,8
DA:11,8
DA:12,8
DA:13,8
DA:17,0
DA:21,8
DA:25,1
DA:29,8
DA:30,8
DA:31,8
DA:32,8
DA:33,8
DA:37,1
DA:41,8
DA:42,8
DA:43,8
DA:44,8
DA:45,8
DA:50,1
DA:54,8
DA:55,8
DA:56,8
DA:57,8
DA:58,8
DA:62,1
DA:66,8
DA:67,8
DA:68,8
DA:69,8
DA:70,8
DA:74,1
DA:78,8
DA:79,8
DA:80,8
DA:81,8
DA:82,8
DA:86,1
DA:90,8
DA:91,0
DA:93,8
DA:97,1
DA:102,8
DA:107,1
DA:108,0
DA:111,1
LF:51
LH:48
BRDA:12,1,0,8
BRDA:12,1,1,0
BRDA:13,2,0,8
BRDA:13,2,1,0
BRDA:90,3,0,0
BRDA:90,3,1,8
BRDA:90,4,0,8
BRDA:90,4,1,8
BRF:8
BRH:5
end_of_record
TN:
SF:C:\Users\Zach\Dropbox\Project\Teamwork\CarRentals\data\models.data\users.hash.generator.js
FNF:0
FNH:0
DA:1,1
DA:3,1
DA:4,2
DA:6,2
DA:7,2
DA:9,2
DA:10,2
DA:13,2
DA:17,1
LF:9
LH:9
BRDA:9,1,0,2
BRDA:9,1,1,0
BRF:2
BRH:1
end_of_record
